   1              		.syntax unified
   2              		.cpu cortex-m3
   3              		.fpu softvfp
   4              		.eabi_attribute 20, 1
   5              		.eabi_attribute 21, 1
   6              		.eabi_attribute 23, 3
   7              		.eabi_attribute 24, 1
   8              		.eabi_attribute 25, 1
   9              		.eabi_attribute 26, 1
  10              		.eabi_attribute 30, 4
  11              		.eabi_attribute 18, 4
  12              		.thumb
  13              		.file	"reentrant.c"
  14              		.text
  15              		.align	1
  16              		.global	ff_cre_syncobj
  17              		.thumb
  18              		.thumb_func
  20              	ff_cre_syncobj:
  21              		@ args = 0, pretend = 0, frame = 0
  22              		@ frame_needed = 0, uses_anonymous_args = 0
  23 0000 10B5     		push	{r4, lr}
  24 0002 0C46     		mov	r4, r1
  25 0004 FFF7FEFF 		bl	xQueueCreateMutex
  26 0008 2060     		str	r0, [r4, #0]
  27 000a 0030     		adds	r0, r0, #0
  28 000c 18BF     		it	ne
  29 000e 0120     		movne	r0, #1
  30 0010 10BD     		pop	{r4, pc}
  32              		.align	1
  33              		.global	ff_del_syncobj
  34              		.thumb
  35              		.thumb_func
  37              	ff_del_syncobj:
  38              		@ args = 0, pretend = 0, frame = 0
  39              		@ frame_needed = 0, uses_anonymous_args = 0
  40              		@ link register save eliminated.
  41 0012 0120     		movs	r0, #1
  42 0014 7047     		bx	lr
  44              		.align	1
  45              		.global	ff_req_grant
  46              		.thumb
  47              		.thumb_func
  49              	ff_req_grant:
  50              		@ args = 0, pretend = 0, frame = 0
  51              		@ frame_needed = 0, uses_anonymous_args = 0
  52 0016 10B5     		push	{r4, lr}
  53 0018 0446     		mov	r4, r0
  54 001a FFF7FEFF 		bl	xTaskGetSchedulerState
  55 001e 0128     		cmp	r0, #1
  56 0020 0CD1     		bne	.L5
  57 0022 0021     		movs	r1, #0
  58 0024 0B46     		mov	r3, r1
  59 0026 2046     		mov	r0, r4
  60 0028 40F6B832 		movw	r2, #3000
  61 002c FFF7FEFF 		bl	xQueueGenericReceive
  62 0030 A0F10103 		sub	r3, r0, #1
  63 0034 5842     		rsbs	r0, r3, #0
  64 0036 40EB0300 		adc	r0, r0, r3
  65 003a 10BD     		pop	{r4, pc}
  66              	.L5:
  67 003c 0120     		movs	r0, #1
  68 003e 10BD     		pop	{r4, pc}
  70              		.align	1
  71              		.global	ff_rel_grant
  72              		.thumb
  73              		.thumb_func
  75              	ff_rel_grant:
  76              		@ args = 0, pretend = 0, frame = 0
  77              		@ frame_needed = 0, uses_anonymous_args = 0
  78 0040 10B5     		push	{r4, lr}
  79 0042 0446     		mov	r4, r0
  80 0044 FFF7FEFF 		bl	xTaskGetSchedulerState
  81 0048 0128     		cmp	r0, #1
  82 004a 07D1     		bne	.L6
  83 004c 0021     		movs	r1, #0
  84 004e 2046     		mov	r0, r4
  85 0050 0A46     		mov	r2, r1
  86 0052 0B46     		mov	r3, r1
  87 0054 BDE81040 		pop	{r4, lr}
  88 0058 FFF7FEBF 		b	xQueueGenericSend
  89              	.L6:
  90 005c 10BD     		pop	{r4, pc}
  92              		.ident	"GCC: (GNU) 4.6.2"
DEFINED SYMBOLS
                            *ABS*:00000000 reentrant.c
C:\Users\Rhonda\AppData\Local\Temp\ccKFxDk6.s:15     .text:00000000 $t
C:\Users\Rhonda\AppData\Local\Temp\ccKFxDk6.s:20     .text:00000000 ff_cre_syncobj
C:\Users\Rhonda\AppData\Local\Temp\ccKFxDk6.s:37     .text:00000012 ff_del_syncobj
C:\Users\Rhonda\AppData\Local\Temp\ccKFxDk6.s:49     .text:00000016 ff_req_grant
C:\Users\Rhonda\AppData\Local\Temp\ccKFxDk6.s:75     .text:00000040 ff_rel_grant

UNDEFINED SYMBOLS
xQueueCreateMutex
xTaskGetSchedulerState
xQueueGenericReceive
xQueueGenericSend
