   1              		.syntax unified
   2              		.cpu cortex-m3
   3              		.fpu softvfp
   4              		.eabi_attribute 20, 1
   5              		.eabi_attribute 21, 1
   6              		.eabi_attribute 23, 3
   7              		.eabi_attribute 24, 1
   8              		.eabi_attribute 25, 1
   9              		.eabi_attribute 26, 1
  10              		.eabi_attribute 30, 4
  11              		.eabi_attribute 18, 4
  12              		.thumb
  13              		.file	"fatfs_time.c"
  14              		.text
  15              		.align	1
  16              		.global	get_fattime
  17              		.thumb
  18              		.thumb_func
  20              	get_fattime:
  21              		@ args = 0, pretend = 0, frame = 16
  22              		@ frame_needed = 0, uses_anonymous_args = 0
  23 0000 1FB5     		push	{r0, r1, r2, r3, r4, lr}
  24 0002 6846     		mov	r0, sp
  25 0004 02A9     		add	r1, sp, #8
  26 0006 FFF7FEFF 		bl	rtc_gettime
  27 000a 9DF80D20 		ldrb	r2, [sp, #13]	@ zero_extendqisi2
  28 000e 9DF80C30 		ldrb	r3, [sp, #12]	@ zero_extendqisi2
  29 0012 02F00F02 		and	r2, r2, #15
  30 0016 03F01F03 		and	r3, r3, #31
  31 001a 5205     		lsls	r2, r2, #21
  32 001c 42EA0342 		orr	r2, r2, r3, lsl #16
  33 0020 9DF80A30 		ldrb	r3, [sp, #10]	@ zero_extendqisi2
  34 0024 9DF80900 		ldrb	r0, [sp, #9]	@ zero_extendqisi2
  35 0028 03F01F03 		and	r3, r3, #31
  36 002c 42EAC323 		orr	r3, r2, r3, lsl #11
  37 0030 00F03F00 		and	r0, r0, #63
  38 0034 43EA4010 		orr	r0, r3, r0, lsl #5
  39 0038 9DF80830 		ldrb	r3, [sp, #8]	@ zero_extendqisi2
  40 003c C3F34403 		ubfx	r3, r3, #1, #5
  41 0040 1843     		orrs	r0, r0, r3
  42 0042 BDF80E30 		ldrh	r3, [sp, #14]
  43 0046 5B06     		lsls	r3, r3, #25
  44 0048 03F10843 		add	r3, r3, #-2013265920
  45 004c 1843     		orrs	r0, r0, r3
  46 004e 05B0     		add	sp, sp, #20
  47 0050 00BD     		pop	{pc}
  49              		.ident	"GCC: (GNU) 4.6.2"
DEFINED SYMBOLS
                            *ABS*:00000000 fatfs_time.c
C:\Users\Rhonda\AppData\Local\Temp\ccRVYcSf.s:15     .text:00000000 $t
C:\Users\Rhonda\AppData\Local\Temp\ccRVYcSf.s:20     .text:00000000 get_fattime

UNDEFINED SYMBOLS
rtc_gettime
