   1              		.syntax unified
   2              		.cpu cortex-m3
   3              		.fpu softvfp
   4              		.eabi_attribute 20, 1
   5              		.eabi_attribute 21, 1
   6              		.eabi_attribute 23, 3
   7              		.eabi_attribute 24, 1
   8              		.eabi_attribute 25, 1
   9              		.eabi_attribute 26, 1
  10              		.eabi_attribute 30, 4
  11              		.eabi_attribute 18, 4
  12              		.thumb
  13              		.file	"tasks.c"
  14              		.text
  15              		.align	1
  16              		.thumb
  17              		.thumb_func
  19              	prvResetRunTimeStatsInList:
  20              		@ args = 0, pretend = 0, frame = 0
  21              		@ frame_needed = 0, uses_anonymous_args = 0
  22 0000 30B5     		push	{r4, r5, lr}
  23 0002 4368     		ldr	r3, [r0, #4]
  24 0004 00F10802 		add	r2, r0, #8
  25 0008 5B68     		ldr	r3, [r3, #4]
  26 000a 00F10804 		add	r4, r0, #8
  27 000e 4360     		str	r3, [r0, #4]
  28 0010 9342     		cmp	r3, r2
  29 0012 04BF     		itt	eq
  30 0014 5B68     		ldreq	r3, [r3, #4]
  31 0016 4360     		streq	r3, [r0, #4]
  32 0018 4368     		ldr	r3, [r0, #4]
  33 001a 0021     		movs	r1, #0
  34 001c DD68     		ldr	r5, [r3, #12]
  35              	.L4:
  36 001e 5B68     		ldr	r3, [r3, #4]
  37 0020 A342     		cmp	r3, r4
  38 0022 08BF     		it	eq
  39 0024 5B68     		ldreq	r3, [r3, #4]
  40 0026 DA68     		ldr	r2, [r3, #12]
  41 0028 AA42     		cmp	r2, r5
  42 002a 9164     		str	r1, [r2, #72]
  43 002c F7D1     		bne	.L4
  44 002e 4360     		str	r3, [r0, #4]
  45 0030 30BD     		pop	{r4, r5, pc}
  47              		.align	1
  48              		.thumb
  49              		.thumb_func
  51              	prvGenerateRunTimeStatsForTasksInList:
  52              		@ args = 0, pretend = 0, frame = 0
  53              		@ frame_needed = 0, uses_anonymous_args = 0
  54 0032 2DE9F74F 		push	{r0, r1, r2, r4, r5, r6, r7, r8, r9, sl, fp, lr}
  55 0036 4B68     		ldr	r3, [r1, #4]
  56 0038 9046     		mov	r8, r2
  57 003a 5B68     		ldr	r3, [r3, #4]
  58 003c 01F10802 		add	r2, r1, #8
  59 0040 4B60     		str	r3, [r1, #4]
  60 0042 9342     		cmp	r3, r2
  61 0044 08BF     		it	eq
  62 0046 5B68     		ldreq	r3, [r3, #4]
  63 0048 0646     		mov	r6, r0
  64 004a 08BF     		it	eq
  65 004c 4B60     		streq	r3, [r1, #4]
  66 004e 4B68     		ldr	r3, [r1, #4]
  67 0050 0C46     		mov	r4, r1
  68 0052 D3F80CA0 		ldr	sl, [r3, #12]
  69 0056 01F10807 		add	r7, r1, #8
  70              	.L12:
  71 005a 6368     		ldr	r3, [r4, #4]
  72 005c 5B68     		ldr	r3, [r3, #4]
  73 005e 6360     		str	r3, [r4, #4]
  74 0060 BB42     		cmp	r3, r7
  75 0062 04BF     		itt	eq
  76 0064 7B68     		ldreq	r3, [r7, #4]
  77 0066 6360     		streq	r3, [r4, #4]
  78 0068 6368     		ldr	r3, [r4, #4]
  79 006a DD68     		ldr	r5, [r3, #12]
  80 006c B8F1000F 		cmp	r8, #0
  81 0070 29D0     		beq	.L9
  82 0072 D5F84890 		ldr	r9, [r5, #72]
  83 0076 B9F1000F 		cmp	r9, #0
  84 007a 08D1     		bne	.L10
  85 007c 3046     		mov	r0, r6
  86 007e FFF7FEFF 		bl	strlen
  87 0082 05F13402 		add	r2, r5, #52
  88 0086 3018     		adds	r0, r6, r0
  89 0088 1149     		ldr	r1, .L15
  90 008a 4B46     		mov	r3, r9
  91 008c 19E0     		b	.L14
  92              	.L10:
  93 008e AB6C     		ldr	r3, [r5, #72]
  94 0090 05F13409 		add	r9, r5, #52
  95 0094 B3FBF8FB 		udiv	fp, r3, r8
  96 0098 3046     		mov	r0, r6
  97 009a BBF1000F 		cmp	fp, #0
  98 009e 0AD0     		beq	.L11
  99 00a0 FFF7FEFF 		bl	strlen
 100 00a4 AB6C     		ldr	r3, [r5, #72]
 101 00a6 3018     		adds	r0, r6, r0
 102 00a8 0A49     		ldr	r1, .L15+4
 103 00aa 4A46     		mov	r2, r9
 104 00ac CDF800B0 		str	fp, [sp, #0]
 105 00b0 FFF7FEFF 		bl	sprintf
 106 00b4 07E0     		b	.L9
 107              	.L11:
 108 00b6 FFF7FEFF 		bl	strlen
 109 00ba AB6C     		ldr	r3, [r5, #72]
 110 00bc 0649     		ldr	r1, .L15+8
 111 00be 3018     		adds	r0, r6, r0
 112 00c0 4A46     		mov	r2, r9
 113              	.L14:
 114 00c2 FFF7FEFF 		bl	sprintf
 115              	.L9:
 116 00c6 5545     		cmp	r5, sl
 117 00c8 C7D1     		bne	.L12
 118 00ca BDE8FE8F 		pop	{r1, r2, r3, r4, r5, r6, r7, r8, r9, sl, fp, pc}
 119              	.L16:
 120 00ce 00BF     		.align	2
 121              	.L15:
 122 00d0 00000000 		.word	.LC0
 123 00d4 12000000 		.word	.LC1
 124 00d8 25000000 		.word	.LC2
 126              		.align	1
 127              		.thumb
 128              		.thumb_func
 130              	prvListTaskWithinSingleList:
 131              		@ args = 0, pretend = 0, frame = 8
 132              		@ frame_needed = 0, uses_anonymous_args = 0
 133 00dc 2DE9F04F 		push	{r4, r5, r6, r7, r8, r9, sl, fp, lr}
 134 00e0 9846     		mov	r8, r3
 135 00e2 4B68     		ldr	r3, [r1, #4]
 136 00e4 9146     		mov	r9, r2
 137 00e6 5B68     		ldr	r3, [r3, #4]
 138 00e8 01F10802 		add	r2, r1, #8
 139 00ec 4B60     		str	r3, [r1, #4]
 140 00ee 9342     		cmp	r3, r2
 141 00f0 08BF     		it	eq
 142 00f2 5B68     		ldreq	r3, [r3, #4]
 143 00f4 89B0     		sub	sp, sp, #36
 144 00f6 08BF     		it	eq
 145 00f8 4B60     		streq	r3, [r1, #4]
 146 00fa 4B68     		ldr	r3, [r1, #4]
 147 00fc 0746     		mov	r7, r0
 148 00fe D3F80CA0 		ldr	sl, [r3, #12]
 149 0102 0C46     		mov	r4, r1
 150 0104 01F10806 		add	r6, r1, #8
 151              	.L21:
 152 0108 6368     		ldr	r3, [r4, #4]
 153 010a 5B68     		ldr	r3, [r3, #4]
 154 010c 6360     		str	r3, [r4, #4]
 155 010e B342     		cmp	r3, r6
 156 0110 04BF     		itt	eq
 157 0112 7368     		ldreq	r3, [r6, #4]
 158 0114 6360     		streq	r3, [r4, #4]
 159 0116 6368     		ldr	r3, [r4, #4]
 160 0118 0022     		movs	r2, #0
 161 011a DD68     		ldr	r5, [r3, #12]
 162 011c 296B     		ldr	r1, [r5, #48]
 163              	.L20:
 164 011e 93B2     		uxth	r3, r2
 165 0120 0132     		adds	r2, r2, #1
 166 0122 8818     		adds	r0, r1, r2
 167 0124 10F8010C 		ldrb	r0, [r0, #-1]	@ zero_extendqisi2
 168 0128 A528     		cmp	r0, #165
 169 012a F8D0     		beq	.L20
 170 012c 3846     		mov	r0, r7
 171 012e D5F848B0 		ldr	fp, [r5, #72]
 172 0132 0793     		str	r3, [sp, #28]
 173 0134 FFF7FEFF 		bl	strlen
 174 0138 079B     		ldr	r3, [sp, #28]
 175 013a D5F82CC0 		ldr	ip, [r5, #44]
 176 013e D5F840E0 		ldr	lr, [r5, #64]
 177 0142 A96C     		ldr	r1, [r5, #72]
 178 0144 0193     		str	r3, [sp, #4]
 179 0146 BBFBF8F3 		udiv	r3, fp, r8
 180 014a 0393     		str	r3, [sp, #12]
 181 014c 0491     		str	r1, [sp, #16]
 182 014e 05F13402 		add	r2, r5, #52
 183 0152 3818     		adds	r0, r7, r0
 184 0154 0649     		ldr	r1, .L24
 185 0156 4B46     		mov	r3, r9
 186 0158 CDF800C0 		str	ip, [sp, #0]
 187 015c CDF808E0 		str	lr, [sp, #8]
 188 0160 FFF7FEFF 		bl	sprintf
 189 0164 5545     		cmp	r5, sl
 190 0166 CFD1     		bne	.L21
 191 0168 09B0     		add	sp, sp, #36
 192 016a BDE8F08F 		pop	{r4, r5, r6, r7, r8, r9, sl, fp, pc}
 193              	.L25:
 194 016e 00BF     		.align	2
 195              	.L24:
 196 0170 38000000 		.word	.LC3
 198              		.align	1
 199              		.thumb
 200              		.thumb_func
 202              	prvIdleTask:
 203              		@ Volatile: function does not return.
 204              		@ args = 0, pretend = 0, frame = 0
 205              		@ frame_needed = 0, uses_anonymous_args = 0
 206 0174 08B5     		push	{r3, lr}
 207              	.L27:
 208 0176 FFF7FEFF 		bl	vApplicationIdleHook
 209 017a FCE7     		b	.L27
 211              		.align	1
 212              		.thumb
 213              		.thumb_func
 215              	prvAddCurrentTaskToDelayedList:
 216              		@ args = 0, pretend = 0, frame = 0
 217              		@ frame_needed = 0, uses_anonymous_args = 0
 218 017c 0C4B     		ldr	r3, .L31
 219 017e 10B5     		push	{r4, lr}
 220 0180 1A68     		ldr	r2, [r3, #0]
 221 0182 0446     		mov	r4, r0
 222 0184 5060     		str	r0, [r2, #4]
 223 0186 5A68     		ldr	r2, [r3, #4]
 224 0188 9042     		cmp	r0, r2
 225 018a 06D2     		bcs	.L29
 226 018c 9868     		ldr	r0, [r3, #8]
 227 018e 1968     		ldr	r1, [r3, #0]
 228 0190 0431     		adds	r1, r1, #4
 229 0192 BDE81040 		pop	{r4, lr}
 230 0196 FFF7FEBF 		b	vListInsert
 231              	.L29:
 232 019a D868     		ldr	r0, [r3, #12]
 233 019c 1968     		ldr	r1, [r3, #0]
 234 019e 0431     		adds	r1, r1, #4
 235 01a0 FFF7FEFF 		bl	vListInsert
 236 01a4 034B     		ldr	r3, .L31+4
 237 01a6 1A68     		ldr	r2, [r3, #0]
 238 01a8 9442     		cmp	r4, r2
 239 01aa 38BF     		it	cc
 240 01ac 1C60     		strcc	r4, [r3, #0]
 241 01ae 10BD     		pop	{r4, pc}
 242              	.L32:
 243              		.align	2
 244              	.L31:
 245 01b0 00000000 		.word	.LANCHOR0
 246 01b4 00000000 		.word	.LANCHOR1
 248              		.align	1
 249              		.global	xTaskGenericCreate
 250              		.thumb
 251              		.thumb_func
 253              	xTaskGenericCreate:
 254              		@ args = 16, pretend = 0, frame = 8
 255              		@ frame_needed = 0, uses_anonymous_args = 0
 256 01b8 2DE9F74F 		push	{r0, r1, r2, r4, r5, r6, r7, r8, r9, sl, fp, lr}
 257 01bc 8246     		mov	sl, r0
 258 01be 0CAF     		add	r7, sp, #48
 259 01c0 4C20     		movs	r0, #76
 260 01c2 0D46     		mov	r5, r1
 261 01c4 1446     		mov	r4, r2
 262 01c6 9946     		mov	r9, r3
 263 01c8 97E88009 		ldmia	r7, {r7, r8, fp}
 264 01cc FFF7FEFF 		bl	pvPortMalloc
 265 01d0 0646     		mov	r6, r0
 266 01d2 0028     		cmp	r0, #0
 267 01d4 00F0AC80 		beq	.L43
 268 01d8 BBF1000F 		cmp	fp, #0
 269 01dc 03D1     		bne	.L35
 270 01de A000     		lsls	r0, r4, #2
 271 01e0 FFF7FEFF 		bl	pvPortMalloc
 272 01e4 8346     		mov	fp, r0
 273              	.L35:
 274 01e6 C6F830B0 		str	fp, [r6, #48]
 275 01ea BBF1000F 		cmp	fp, #0
 276 01ee 03D1     		bne	.L36
 277 01f0 3046     		mov	r0, r6
 278 01f2 FFF7FEFF 		bl	vPortFree
 279 01f6 9BE0     		b	.L43
 280              	.L36:
 281 01f8 A200     		lsls	r2, r4, #2
 282 01fa 5846     		mov	r0, fp
 283 01fc A521     		movs	r1, #165
 284 01fe FFF7FEFF 		bl	memset
 285 0202 336B     		ldr	r3, [r6, #48]
 286 0204 2946     		mov	r1, r5
 287 0206 0A22     		movs	r2, #10
 288 0208 013C     		subs	r4, r4, #1
 289 020a 06F13400 		add	r0, r6, #52
 290 020e 03EB8404 		add	r4, r3, r4, lsl #2
 291 0212 032F     		cmp	r7, #3
 292 0214 34BF     		ite	cc
 293 0216 BB46     		movcc	fp, r7
 294 0218 4FF0030B 		movcs	fp, #3
 295 021c FFF7FEFF 		bl	strncpy
 296 0220 351D     		adds	r5, r6, #4
 297 0222 0023     		movs	r3, #0
 298 0224 86F83D30 		strb	r3, [r6, #61]
 299 0228 C6F82CB0 		str	fp, [r6, #44]
 300 022c C6F844B0 		str	fp, [r6, #68]
 301 0230 2846     		mov	r0, r5
 302 0232 0193     		str	r3, [sp, #4]
 303 0234 FFF7FEFF 		bl	vListInitialiseItem
 304 0238 06F11800 		add	r0, r6, #24
 305 023c FFF7FEFF 		bl	vListInitialiseItem
 306 0240 019B     		ldr	r3, [sp, #4]
 307 0242 CBF10402 		rsb	r2, fp, #4
 308 0246 24F00704 		bic	r4, r4, #7
 309 024a B261     		str	r2, [r6, #24]
 310 024c 3661     		str	r6, [r6, #16]
 311 024e 7662     		str	r6, [r6, #36]
 312 0250 B364     		str	r3, [r6, #72]
 313 0252 2046     		mov	r0, r4
 314 0254 5146     		mov	r1, sl
 315 0256 4A46     		mov	r2, r9
 316 0258 FFF7FEFF 		bl	pxPortInitialiseStack
 317 025c 3060     		str	r0, [r6, #0]
 318 025e B8F1000F 		cmp	r8, #0
 319 0262 01D0     		beq	.L37
 320 0264 C8F80060 		str	r6, [r8, #0]
 321              	.L37:
 322 0268 FFF7FEFF 		bl	vPortEnterCritical
 323 026c 334B     		ldr	r3, .L47
 324 026e 1A69     		ldr	r2, [r3, #16]
 325 0270 0132     		adds	r2, r2, #1
 326 0272 1A61     		str	r2, [r3, #16]
 327 0274 1A68     		ldr	r2, [r3, #0]
 328 0276 4ABB     		cbnz	r2, .L38
 329 0278 1E60     		str	r6, [r3, #0]
 330 027a 1969     		ldr	r1, [r3, #16]
 331 027c 0129     		cmp	r1, #1
 332 027e 2DD1     		bne	.L39
 333 0280 9046     		mov	r8, r2
 334 0282 03F1140A 		add	sl, r3, #20
 335 0286 4FF01409 		mov	r9, #20
 336              	.L40:
 337 028a 09FB08A0 		mla	r0, r9, r8, sl
 338 028e 08F10108 		add	r8, r8, #1
 339 0292 FFF7FEFF 		bl	vListInitialise
 340 0296 B8F1040F 		cmp	r8, #4
 341 029a 284C     		ldr	r4, .L47
 342 029c F5D1     		bne	.L40
 343 029e 04F16409 		add	r9, r4, #100
 344 02a2 4846     		mov	r0, r9
 345 02a4 04F17808 		add	r8, r4, #120
 346 02a8 FFF7FEFF 		bl	vListInitialise
 347 02ac 4046     		mov	r0, r8
 348 02ae FFF7FEFF 		bl	vListInitialise
 349 02b2 04F18C00 		add	r0, r4, #140
 350 02b6 FFF7FEFF 		bl	vListInitialise
 351 02ba 04F1A000 		add	r0, r4, #160
 352 02be FFF7FEFF 		bl	vListInitialise
 353 02c2 C4F80C90 		str	r9, [r4, #12]
 354 02c6 C4F80880 		str	r8, [r4, #8]
 355 02ca 07E0     		b	.L39
 356              	.L38:
 357 02cc D3F8B420 		ldr	r2, [r3, #180]
 358 02d0 22B9     		cbnz	r2, .L39
 359 02d2 1A68     		ldr	r2, [r3, #0]
 360 02d4 D26A     		ldr	r2, [r2, #44]
 361 02d6 BA42     		cmp	r2, r7
 362 02d8 98BF     		it	ls
 363 02da 1E60     		strls	r6, [r3, #0]
 364              	.L39:
 365 02dc 174A     		ldr	r2, .L47
 366 02de F36A     		ldr	r3, [r6, #44]
 367 02e0 D2F8B810 		ldr	r1, [r2, #184]
 368 02e4 154C     		ldr	r4, .L47
 369 02e6 8B42     		cmp	r3, r1
 370 02e8 D2F8BC10 		ldr	r1, [r2, #188]
 371 02ec 88BF     		it	hi
 372 02ee C2F8B830 		strhi	r3, [r2, #184]
 373 02f2 3164     		str	r1, [r6, #64]
 374 02f4 0131     		adds	r1, r1, #1
 375 02f6 C2F8BC10 		str	r1, [r2, #188]
 376 02fa D2F8C020 		ldr	r2, [r2, #192]
 377 02fe 2946     		mov	r1, r5
 378 0300 9342     		cmp	r3, r2
 379 0302 84BF     		itt	hi
 380 0304 0D4A     		ldrhi	r2, .L47
 381 0306 C2F8C030 		strhi	r3, [r2, #192]
 382 030a 04F11402 		add	r2, r4, #20
 383 030e 1420     		movs	r0, #20
 384 0310 00FB0320 		mla	r0, r0, r3, r2
 385 0314 FFF7FEFF 		bl	vListInsertEnd
 386 0318 FFF7FEFF 		bl	vPortExitCritical
 387 031c D4F8B430 		ldr	r3, [r4, #180]
 388 0320 4BB1     		cbz	r3, .L45
 389 0322 2368     		ldr	r3, [r4, #0]
 390 0324 DB6A     		ldr	r3, [r3, #44]
 391 0326 BB42     		cmp	r3, r7
 392 0328 05D2     		bcs	.L45
 393 032a FFF7FEFF 		bl	vPortYieldFromISR
 394 032e 02E0     		b	.L45
 395              	.L43:
 396 0330 4FF0FF30 		mov	r0, #-1
 397 0334 00E0     		b	.L34
 398              	.L45:
 399 0336 0120     		movs	r0, #1
 400              	.L34:
 401 0338 BDE8FE8F 		pop	{r1, r2, r3, r4, r5, r6, r7, r8, r9, sl, fp, pc}
 402              	.L48:
 403              		.align	2
 404              	.L47:
 405 033c 00000000 		.word	.LANCHOR0
 407              		.align	1
 408              		.global	uxTaskPriorityGet
 409              		.thumb
 410              		.thumb_func
 412              	uxTaskPriorityGet:
 413              		@ args = 0, pretend = 0, frame = 0
 414              		@ frame_needed = 0, uses_anonymous_args = 0
 415 0340 10B5     		push	{r4, lr}
 416 0342 0446     		mov	r4, r0
 417 0344 FFF7FEFF 		bl	vPortEnterCritical
 418 0348 0CB9     		cbnz	r4, .L50
 419 034a 034B     		ldr	r3, .L52
 420 034c 1C68     		ldr	r4, [r3, #0]
 421              	.L50:
 422 034e E46A     		ldr	r4, [r4, #44]
 423 0350 FFF7FEFF 		bl	vPortExitCritical
 424 0354 2046     		mov	r0, r4
 425 0356 10BD     		pop	{r4, pc}
 426              	.L53:
 427              		.align	2
 428              	.L52:
 429 0358 00000000 		.word	.LANCHOR0
 431              		.align	1
 432              		.global	vTaskPrioritySet
 433              		.thumb
 434              		.thumb_func
 436              	vTaskPrioritySet:
 437              		@ args = 0, pretend = 0, frame = 0
 438              		@ frame_needed = 0, uses_anonymous_args = 0
 439 035c 2DE9F041 		push	{r4, r5, r6, r7, r8, lr}
 440 0360 0446     		mov	r4, r0
 441 0362 0329     		cmp	r1, #3
 442 0364 34BF     		ite	cc
 443 0366 0E46     		movcc	r6, r1
 444 0368 0326     		movcs	r6, #3
 445 036a FFF7FEFF 		bl	vPortEnterCritical
 446 036e 1F4B     		ldr	r3, .L64
 447 0370 1A68     		ldr	r2, [r3, #0]
 448 0372 9442     		cmp	r4, r2
 449 0374 01D0     		beq	.L55
 450 0376 2546     		mov	r5, r4
 451 0378 0CB9     		cbnz	r4, .L56
 452              	.L55:
 453 037a 1D68     		ldr	r5, [r3, #0]
 454 037c 0024     		movs	r4, #0
 455              	.L56:
 456 037e 6B6C     		ldr	r3, [r5, #68]
 457 0380 B342     		cmp	r3, r6
 458 0382 2ED0     		beq	.L57
 459 0384 9E42     		cmp	r6, r3
 460 0386 03D9     		bls	.L58
 461 0388 0034     		adds	r4, r4, #0
 462 038a 18BF     		it	ne
 463 038c 0124     		movne	r4, #1
 464 038e 03E0     		b	.L59
 465              	.L58:
 466 0390 D4F10104 		rsbs	r4, r4, #1
 467 0394 38BF     		it	cc
 468 0396 0024     		movcc	r4, #0
 469              	.L59:
 470 0398 EA6A     		ldr	r2, [r5, #44]
 471 039a 6E64     		str	r6, [r5, #68]
 472 039c 9342     		cmp	r3, r2
 473 039e 08BF     		it	eq
 474 03a0 EE62     		streq	r6, [r5, #44]
 475 03a2 C6F10406 		rsb	r6, r6, #4
 476 03a6 AE61     		str	r6, [r5, #24]
 477 03a8 104E     		ldr	r6, .L64
 478 03aa 1422     		movs	r2, #20
 479 03ac 06F11408 		add	r8, r6, #20
 480 03b0 02FB0383 		mla	r3, r2, r3, r8
 481 03b4 6A69     		ldr	r2, [r5, #20]
 482 03b6 9A42     		cmp	r2, r3
 483 03b8 10D1     		bne	.L61
 484 03ba 2F1D     		adds	r7, r5, #4
 485 03bc 3846     		mov	r0, r7
 486 03be FFF7FEFF 		bl	vListRemove
 487 03c2 EB6A     		ldr	r3, [r5, #44]
 488 03c4 D6F8C020 		ldr	r2, [r6, #192]
 489 03c8 3946     		mov	r1, r7
 490 03ca 9342     		cmp	r3, r2
 491 03cc 88BF     		it	hi
 492 03ce C6F8C030 		strhi	r3, [r6, #192]
 493 03d2 1420     		movs	r0, #20
 494 03d4 00FB0380 		mla	r0, r0, r3, r8
 495 03d8 FFF7FEFF 		bl	vListInsertEnd
 496              	.L61:
 497 03dc 0CB1     		cbz	r4, .L57
 498 03de FFF7FEFF 		bl	vPortYieldFromISR
 499              	.L57:
 500 03e2 BDE8F041 		pop	{r4, r5, r6, r7, r8, lr}
 501 03e6 FFF7FEBF 		b	vPortExitCritical
 502              	.L65:
 503 03ea 00BF     		.align	2
 504              	.L64:
 505 03ec 00000000 		.word	.LANCHOR0
 507              		.align	1
 508              		.global	xTaskIsTaskSuspended
 509              		.thumb
 510              		.thumb_func
 512              	xTaskIsTaskSuspended:
 513              		@ args = 0, pretend = 0, frame = 0
 514              		@ frame_needed = 0, uses_anonymous_args = 0
 515              		@ link register save eliminated.
 516 03f0 4269     		ldr	r2, [r0, #20]
 517 03f2 084B     		ldr	r3, .L71
 518 03f4 9A42     		cmp	r2, r3
 519 03f6 0AD1     		bne	.L69
 520 03f8 806A     		ldr	r0, [r0, #40]
 521 03fa 143B     		subs	r3, r3, #20
 522 03fc 9842     		cmp	r0, r3
 523 03fe 04D0     		beq	.L70
 524 0400 D0F10100 		rsbs	r0, r0, #1
 525 0404 38BF     		it	cc
 526 0406 0020     		movcc	r0, #0
 527 0408 7047     		bx	lr
 528              	.L70:
 529 040a 0020     		movs	r0, #0
 530 040c 7047     		bx	lr
 531              	.L69:
 532 040e 0020     		movs	r0, #0
 533 0410 7047     		bx	lr
 534              	.L72:
 535 0412 00BF     		.align	2
 536              	.L71:
 537 0414 A0000000 		.word	.LANCHOR0+160
 539              		.align	1
 540              		.global	vTaskResume
 541              		.thumb
 542              		.thumb_func
 544              	vTaskResume:
 545              		@ args = 0, pretend = 0, frame = 0
 546              		@ frame_needed = 0, uses_anonymous_args = 0
 547 0418 70B5     		push	{r4, r5, r6, lr}
 548 041a 0446     		mov	r4, r0
 549 041c 0028     		cmp	r0, #0
 550 041e 29D0     		beq	.L73
 551 0420 154D     		ldr	r5, .L77
 552 0422 2B68     		ldr	r3, [r5, #0]
 553 0424 9842     		cmp	r0, r3
 554 0426 25D0     		beq	.L73
 555 0428 FFF7FEFF 		bl	vPortEnterCritical
 556 042c 2046     		mov	r0, r4
 557 042e FFF7FEFF 		bl	xTaskIsTaskSuspended
 558 0432 0128     		cmp	r0, #1
 559 0434 1AD1     		bne	.L75
 560 0436 261D     		adds	r6, r4, #4
 561 0438 3046     		mov	r0, r6
 562 043a FFF7FEFF 		bl	vListRemove
 563 043e E36A     		ldr	r3, [r4, #44]
 564 0440 D5F8C020 		ldr	r2, [r5, #192]
 565 0444 3146     		mov	r1, r6
 566 0446 9342     		cmp	r3, r2
 567 0448 88BF     		it	hi
 568 044a C5F8C030 		strhi	r3, [r5, #192]
 569 044e 0A4D     		ldr	r5, .L77
 570 0450 1420     		movs	r0, #20
 571 0452 05F11402 		add	r2, r5, #20
 572 0456 00FB0320 		mla	r0, r0, r3, r2
 573 045a FFF7FEFF 		bl	vListInsertEnd
 574 045e 2B68     		ldr	r3, [r5, #0]
 575 0460 E26A     		ldr	r2, [r4, #44]
 576 0462 DB6A     		ldr	r3, [r3, #44]
 577 0464 9A42     		cmp	r2, r3
 578 0466 01D3     		bcc	.L75
 579 0468 FFF7FEFF 		bl	vPortYieldFromISR
 580              	.L75:
 581 046c BDE87040 		pop	{r4, r5, r6, lr}
 582 0470 FFF7FEBF 		b	vPortExitCritical
 583              	.L73:
 584 0474 70BD     		pop	{r4, r5, r6, pc}
 585              	.L78:
 586 0476 00BF     		.align	2
 587              	.L77:
 588 0478 00000000 		.word	.LANCHOR0
 590              		.align	1
 591              		.global	xTaskResumeFromISR
 592              		.thumb
 593              		.thumb_func
 595              	xTaskResumeFromISR:
 596              		@ args = 0, pretend = 0, frame = 0
 597              		@ frame_needed = 0, uses_anonymous_args = 0
 598 047c F8B5     		push	{r3, r4, r5, r6, r7, lr}
 599 047e 0646     		mov	r6, r0
 600 0480 FFF7FEFF 		bl	xTaskIsTaskSuspended
 601 0484 0128     		cmp	r0, #1
 602 0486 23D1     		bne	.L83
 603 0488 134D     		ldr	r5, .L84
 604 048a D5F8C430 		ldr	r3, [r5, #196]
 605 048e CBB9     		cbnz	r3, .L81
 606 0490 2B68     		ldr	r3, [r5, #0]
 607 0492 F46A     		ldr	r4, [r6, #44]
 608 0494 DB6A     		ldr	r3, [r3, #44]
 609 0496 9C42     		cmp	r4, r3
 610 0498 34BF     		ite	cc
 611 049a 0024     		movcc	r4, #0
 612 049c 0124     		movcs	r4, #1
 613 049e 371D     		adds	r7, r6, #4
 614 04a0 3846     		mov	r0, r7
 615 04a2 FFF7FEFF 		bl	vListRemove
 616 04a6 F36A     		ldr	r3, [r6, #44]
 617 04a8 D5F8C020 		ldr	r2, [r5, #192]
 618 04ac 3946     		mov	r1, r7
 619 04ae 9342     		cmp	r3, r2
 620 04b0 0A4A     		ldr	r2, .L84+4
 621 04b2 88BF     		it	hi
 622 04b4 C5F8C030 		strhi	r3, [r5, #192]
 623 04b8 1420     		movs	r0, #20
 624 04ba 00FB0320 		mla	r0, r0, r3, r2
 625 04be FFF7FEFF 		bl	vListInsertEnd
 626 04c2 06E0     		b	.L80
 627              	.L81:
 628 04c4 06F11801 		add	r1, r6, #24
 629 04c8 05F18C00 		add	r0, r5, #140
 630 04cc FFF7FEFF 		bl	vListInsertEnd
 631              	.L83:
 632 04d0 0024     		movs	r4, #0
 633              	.L80:
 634 04d2 2046     		mov	r0, r4
 635 04d4 F8BD     		pop	{r3, r4, r5, r6, r7, pc}
 636              	.L85:
 637 04d6 00BF     		.align	2
 638              	.L84:
 639 04d8 00000000 		.word	.LANCHOR0
 640 04dc 14000000 		.word	.LANCHOR0+20
 642              		.align	1
 643              		.global	vTaskStartScheduler
 644              		.thumb
 645              		.thumb_func
 647              	vTaskStartScheduler:
 648              		@ args = 0, pretend = 0, frame = 0
 649              		@ frame_needed = 0, uses_anonymous_args = 0
 650 04e0 1FB5     		push	{r0, r1, r2, r3, r4, lr}
 651 04e2 0024     		movs	r4, #0
 652 04e4 8022     		movs	r2, #128
 653 04e6 1048     		ldr	r0, .L88
 654 04e8 1049     		ldr	r1, .L88+4
 655 04ea 2346     		mov	r3, r4
 656 04ec 0094     		str	r4, [sp, #0]
 657 04ee 0194     		str	r4, [sp, #4]
 658 04f0 0294     		str	r4, [sp, #8]
 659 04f2 0394     		str	r4, [sp, #12]
 660 04f4 FFF7FEFF 		bl	xTaskGenericCreate
 661 04f8 0128     		cmp	r0, #1
 662 04fa 13D1     		bne	.L86
 663 04fc FFF7FEFF 		bl	xTimerCreateTimerTask
 664 0500 0128     		cmp	r0, #1
 665 0502 0346     		mov	r3, r0
 666 0504 0ED1     		bne	.L86
 667              	@ 1112 "../L1_FreeRTOS/src/tasks.c" 1
 668 0506 4FF02800 			mov r0, #40								
 669 050a 80F31188 		msr basepri, r0							
 670              	
 671              	@ 0 "" 2
 672              		.thumb
 673 050e 084A     		ldr	r2, .L88+8
 674 0510 C2F8B430 		str	r3, [r2, #180]
 675 0514 5460     		str	r4, [r2, #4]
 676 0516 FFF7FEFF 		bl	vConfigureTimerForRunTimeStats
 677 051a 04B0     		add	sp, sp, #16
 678 051c BDE81040 		pop	{r4, lr}
 679 0520 FFF7FEBF 		b	xPortStartScheduler
 680              	.L86:
 681 0524 04B0     		add	sp, sp, #16
 682 0526 10BD     		pop	{r4, pc}
 683              	.L89:
 684              		.align	2
 685              	.L88:
 686 0528 00000000 		.word	prvIdleTask
 687 052c 5A000000 		.word	.LC4
 688 0530 00000000 		.word	.LANCHOR0
 690              		.align	1
 691              		.global	vTaskEndScheduler
 692              		.thumb
 693              		.thumb_func
 695              	vTaskEndScheduler:
 696              		@ args = 0, pretend = 0, frame = 0
 697              		@ frame_needed = 0, uses_anonymous_args = 0
 698              		@ link register save eliminated.
 699              	@ 1145 "../L1_FreeRTOS/src/tasks.c" 1
 700 0534 4FF02800 			mov r0, #40								
 701 0538 80F31188 		msr basepri, r0							
 702              	
 703              	@ 0 "" 2
 704              		.thumb
 705 053c 024B     		ldr	r3, .L91
 706 053e 0022     		movs	r2, #0
 707 0540 C3F8B420 		str	r2, [r3, #180]
 708 0544 FFF7FEBF 		b	vPortEndScheduler
 709              	.L92:
 710              		.align	2
 711              	.L91:
 712 0548 00000000 		.word	.LANCHOR0
 714              		.align	1
 715              		.global	vTaskSuspendAll
 716              		.thumb
 717              		.thumb_func
 719              	vTaskSuspendAll:
 720              		@ args = 0, pretend = 0, frame = 0
 721              		@ frame_needed = 0, uses_anonymous_args = 0
 722              		@ link register save eliminated.
 723 054c 034B     		ldr	r3, .L94
 724 054e D3F8C420 		ldr	r2, [r3, #196]
 725 0552 0132     		adds	r2, r2, #1
 726 0554 C3F8C420 		str	r2, [r3, #196]
 727 0558 7047     		bx	lr
 728              	.L95:
 729 055a 00BF     		.align	2
 730              	.L94:
 731 055c 00000000 		.word	.LANCHOR0
 733              		.align	1
 734              		.global	xTaskGetTickCount
 735              		.thumb
 736              		.thumb_func
 738              	xTaskGetTickCount:
 739              		@ args = 0, pretend = 0, frame = 0
 740              		@ frame_needed = 0, uses_anonymous_args = 0
 741 0560 10B5     		push	{r4, lr}
 742 0562 FFF7FEFF 		bl	vPortEnterCritical
 743 0566 034B     		ldr	r3, .L97
 744 0568 5C68     		ldr	r4, [r3, #4]
 745 056a FFF7FEFF 		bl	vPortExitCritical
 746 056e 2046     		mov	r0, r4
 747 0570 10BD     		pop	{r4, pc}
 748              	.L98:
 749 0572 00BF     		.align	2
 750              	.L97:
 751 0574 00000000 		.word	.LANCHOR0
 753              		.align	1
 754              		.global	xTaskGetTickCountFromISR
 755              		.thumb
 756              		.thumb_func
 758              	xTaskGetTickCountFromISR:
 759              		@ args = 0, pretend = 0, frame = 0
 760              		@ frame_needed = 0, uses_anonymous_args = 0
 761              		@ link register save eliminated.
 762              	@ 1266 "../L1_FreeRTOS/src/tasks.c" 1
 763 0578 4FF02800 			mov r0, #40								
 764 057c 80F31188 		msr basepri, r0							
 765              	
 766              	@ 0 "" 2
 767              		.thumb
 768 0580 034B     		ldr	r3, .L100
 769 0582 5B68     		ldr	r3, [r3, #4]
 770              	@ 1268 "../L1_FreeRTOS/src/tasks.c" 1
 771 0584 4FF00000 			mov r0, #0					
 772 0588 80F31188 		msr basepri, r0				
 773              	
 774              	@ 0 "" 2
 775              		.thumb
 776 058c 1846     		mov	r0, r3
 777 058e 7047     		bx	lr
 778              	.L101:
 779              		.align	2
 780              	.L100:
 781 0590 00000000 		.word	.LANCHOR0
 783              		.align	1
 784              		.global	uxTaskGetNumberOfTasks
 785              		.thumb
 786              		.thumb_func
 788              	uxTaskGetNumberOfTasks:
 789              		@ args = 0, pretend = 0, frame = 0
 790              		@ frame_needed = 0, uses_anonymous_args = 0
 791              		@ link register save eliminated.
 792 0594 014B     		ldr	r3, .L103
 793 0596 1869     		ldr	r0, [r3, #16]
 794 0598 7047     		bx	lr
 795              	.L104:
 796 059a 00BF     		.align	2
 797              	.L103:
 798 059c 00000000 		.word	.LANCHOR0
 800              		.align	1
 801              		.global	vTaskStartTrace
 802              		.thumb
 803              		.thumb_func
 805              	vTaskStartTrace:
 806              		@ args = 0, pretend = 0, frame = 0
 807              		@ frame_needed = 0, uses_anonymous_args = 0
 808 05a0 38B5     		push	{r3, r4, r5, lr}
 809 05a2 0446     		mov	r4, r0
 810 05a4 0D46     		mov	r5, r1
 811 05a6 FFF7FEFF 		bl	vPortEnterCritical
 812 05aa 084B     		ldr	r3, .L106
 813 05ac A5F10801 		sub	r1, r5, #8
 814 05b0 C3F8C840 		str	r4, [r3, #200]
 815 05b4 C3F8CC40 		str	r4, [r3, #204]
 816 05b8 0122     		movs	r2, #1
 817 05ba 6418     		adds	r4, r4, r1
 818 05bc C3F8D040 		str	r4, [r3, #208]
 819 05c0 C3F8D420 		str	r2, [r3, #212]
 820 05c4 BDE83840 		pop	{r3, r4, r5, lr}
 821 05c8 FFF7FEBF 		b	vPortExitCritical
 822              	.L107:
 823              		.align	2
 824              	.L106:
 825 05cc 00000000 		.word	.LANCHOR0
 827              		.align	1
 828              		.global	ulTaskEndTrace
 829              		.thumb
 830              		.thumb_func
 832              	ulTaskEndTrace:
 833              		@ args = 0, pretend = 0, frame = 0
 834              		@ frame_needed = 0, uses_anonymous_args = 0
 835 05d0 10B5     		push	{r4, lr}
 836 05d2 074C     		ldr	r4, .L109
 837 05d4 FFF7FEFF 		bl	vPortEnterCritical
 838 05d8 0023     		movs	r3, #0
 839 05da C4F8D430 		str	r3, [r4, #212]
 840 05de FFF7FEFF 		bl	vPortExitCritical
 841 05e2 D4F8C800 		ldr	r0, [r4, #200]
 842 05e6 D4F8CC30 		ldr	r3, [r4, #204]
 843 05ea C01A     		subs	r0, r0, r3
 844 05ec 10BD     		pop	{r4, pc}
 845              	.L110:
 846 05ee 00BF     		.align	2
 847              	.L109:
 848 05f0 00000000 		.word	.LANCHOR0
 850              		.align	1
 851              		.global	vTaskIncrementTick
 852              		.thumb
 853              		.thumb_func
 855              	vTaskIncrementTick:
 856              		@ args = 0, pretend = 0, frame = 0
 857              		@ frame_needed = 0, uses_anonymous_args = 0
 858 05f4 2E4B     		ldr	r3, .L123
 859 05f6 2DE9F041 		push	{r4, r5, r6, r7, r8, lr}
 860 05fa D3F8C420 		ldr	r2, [r3, #196]
 861 05fe 002A     		cmp	r2, #0
 862 0600 4ED1     		bne	.L112
 863 0602 5A68     		ldr	r2, [r3, #4]
 864 0604 0132     		adds	r2, r2, #1
 865 0606 5A60     		str	r2, [r3, #4]
 866 0608 5A68     		ldr	r2, [r3, #4]
 867 060a A2B9     		cbnz	r2, .L113
 868 060c DA68     		ldr	r2, [r3, #12]
 869 060e 9968     		ldr	r1, [r3, #8]
 870 0610 D960     		str	r1, [r3, #12]
 871 0612 9A60     		str	r2, [r3, #8]
 872 0614 D3F8D820 		ldr	r2, [r3, #216]
 873 0618 0132     		adds	r2, r2, #1
 874 061a C3F8D820 		str	r2, [r3, #216]
 875 061e DA68     		ldr	r2, [r3, #12]
 876 0620 1168     		ldr	r1, [r2, #0]
 877 0622 244A     		ldr	r2, .L123+4
 878 0624 11B9     		cbnz	r1, .L114
 879 0626 4FF0FF33 		mov	r3, #-1
 880 062a 03E0     		b	.L122
 881              	.L114:
 882 062c DB68     		ldr	r3, [r3, #12]
 883 062e DB68     		ldr	r3, [r3, #12]
 884 0630 DB68     		ldr	r3, [r3, #12]
 885 0632 5B68     		ldr	r3, [r3, #4]
 886              	.L122:
 887 0634 1360     		str	r3, [r2, #0]
 888              	.L113:
 889 0636 1E4C     		ldr	r4, .L123
 890 0638 1E4B     		ldr	r3, .L123+4
 891 063a 6268     		ldr	r2, [r4, #4]
 892 063c 1B68     		ldr	r3, [r3, #0]
 893 063e 9A42     		cmp	r2, r3
 894 0640 33D3     		bcc	.L111
 895 0642 04F11406 		add	r6, r4, #20
 896 0646 1425     		movs	r5, #20
 897              	.L121:
 898 0648 E368     		ldr	r3, [r4, #12]
 899 064a 1B68     		ldr	r3, [r3, #0]
 900 064c 2BB9     		cbnz	r3, .L116
 901 064e 194B     		ldr	r3, .L123+4
 902 0650 4FF0FF32 		mov	r2, #-1
 903 0654 1A60     		str	r2, [r3, #0]
 904 0656 BDE8F081 		pop	{r4, r5, r6, r7, r8, pc}
 905              	.L116:
 906 065a E368     		ldr	r3, [r4, #12]
 907 065c DB68     		ldr	r3, [r3, #12]
 908 065e DF68     		ldr	r7, [r3, #12]
 909 0660 6268     		ldr	r2, [r4, #4]
 910 0662 7B68     		ldr	r3, [r7, #4]
 911 0664 9A42     		cmp	r2, r3
 912 0666 03D2     		bcs	.L117
 913 0668 124A     		ldr	r2, .L123+4
 914 066a 1360     		str	r3, [r2, #0]
 915 066c BDE8F081 		pop	{r4, r5, r6, r7, r8, pc}
 916              	.L117:
 917 0670 07F10408 		add	r8, r7, #4
 918 0674 4046     		mov	r0, r8
 919 0676 FFF7FEFF 		bl	vListRemove
 920 067a BB6A     		ldr	r3, [r7, #40]
 921 067c 1BB1     		cbz	r3, .L118
 922 067e 07F11800 		add	r0, r7, #24
 923 0682 FFF7FEFF 		bl	vListRemove
 924              	.L118:
 925 0686 F86A     		ldr	r0, [r7, #44]
 926 0688 D4F8C030 		ldr	r3, [r4, #192]
 927 068c 4146     		mov	r1, r8
 928 068e 9842     		cmp	r0, r3
 929 0690 88BF     		it	hi
 930 0692 C4F8C000 		strhi	r0, [r4, #192]
 931 0696 05FB0060 		mla	r0, r5, r0, r6
 932 069a FFF7FEFF 		bl	vListInsertEnd
 933 069e D3E7     		b	.L121
 934              	.L112:
 935 06a0 D3F8DC20 		ldr	r2, [r3, #220]
 936 06a4 0132     		adds	r2, r2, #1
 937 06a6 C3F8DC20 		str	r2, [r3, #220]
 938              	.L111:
 939 06aa BDE8F081 		pop	{r4, r5, r6, r7, r8, pc}
 940              	.L124:
 941 06ae 00BF     		.align	2
 942              	.L123:
 943 06b0 00000000 		.word	.LANCHOR0
 944 06b4 00000000 		.word	.LANCHOR1
 946              		.align	1
 947              		.global	xTaskResumeAll
 948              		.thumb
 949              		.thumb_func
 951              	xTaskResumeAll:
 952              		@ args = 0, pretend = 0, frame = 0
 953              		@ frame_needed = 0, uses_anonymous_args = 0
 954 06b8 2DE9F843 		push	{r3, r4, r5, r6, r7, r8, r9, lr}
 955 06bc FFF7FEFF 		bl	vPortEnterCritical
 956 06c0 2C4B     		ldr	r3, .L143
 957 06c2 0024     		movs	r4, #0
 958 06c4 D3F8C420 		ldr	r2, [r3, #196]
 959 06c8 013A     		subs	r2, r2, #1
 960 06ca C3F8C420 		str	r2, [r3, #196]
 961 06ce D3F8C460 		ldr	r6, [r3, #196]
 962 06d2 002E     		cmp	r6, #0
 963 06d4 49D1     		bne	.L126
 964 06d6 1C69     		ldr	r4, [r3, #16]
 965 06d8 FCB9     		cbnz	r4, .L136
 966 06da 46E0     		b	.L126
 967              	.L130:
 968 06dc D4F89830 		ldr	r3, [r4, #152]
 969 06e0 DD68     		ldr	r5, [r3, #12]
 970 06e2 05F11800 		add	r0, r5, #24
 971 06e6 05F10409 		add	r9, r5, #4
 972 06ea FFF7FEFF 		bl	vListRemove
 973 06ee 4846     		mov	r0, r9
 974 06f0 FFF7FEFF 		bl	vListRemove
 975 06f4 E86A     		ldr	r0, [r5, #44]
 976 06f6 D4F8C030 		ldr	r3, [r4, #192]
 977 06fa 4946     		mov	r1, r9
 978 06fc 9842     		cmp	r0, r3
 979 06fe 88BF     		it	hi
 980 0700 C4F8C000 		strhi	r0, [r4, #192]
 981 0704 07FB0080 		mla	r0, r7, r0, r8
 982 0708 FFF7FEFF 		bl	vListInsertEnd
 983 070c 2368     		ldr	r3, [r4, #0]
 984 070e EA6A     		ldr	r2, [r5, #44]
 985 0710 DB6A     		ldr	r3, [r3, #44]
 986 0712 9A42     		cmp	r2, r3
 987 0714 28BF     		it	cs
 988 0716 0126     		movcs	r6, #1
 989 0718 03E0     		b	.L139
 990              	.L136:
 991 071a 1C46     		mov	r4, r3
 992 071c 03F11408 		add	r8, r3, #20
 993 0720 1427     		movs	r7, #20
 994              	.L139:
 995 0722 D4F88C20 		ldr	r2, [r4, #140]
 996 0726 134B     		ldr	r3, .L143
 997 0728 002A     		cmp	r2, #0
 998 072a D7D1     		bne	.L130
 999 072c D3F8DC40 		ldr	r4, [r3, #220]
 1000 0730 44B9     		cbnz	r4, .L131
 1001 0732 0DE0     		b	.L142
 1002              	.L133:
 1003 0734 FFF7FEFF 		bl	vTaskIncrementTick
 1004 0738 D4F8DC30 		ldr	r3, [r4, #220]
 1005 073c 013B     		subs	r3, r3, #1
 1006 073e C4F8DC30 		str	r3, [r4, #220]
 1007 0742 00E0     		b	.L141
 1008              	.L131:
 1009 0744 1C46     		mov	r4, r3
 1010              	.L141:
 1011 0746 D4F8DC30 		ldr	r3, [r4, #220]
 1012 074a 002B     		cmp	r3, #0
 1013 074c F2D1     		bne	.L133
 1014 074e 05E0     		b	.L134
 1015              	.L142:
 1016 0750 012E     		cmp	r6, #1
 1017 0752 03D0     		beq	.L134
 1018 0754 D3F8E030 		ldr	r3, [r3, #224]
 1019 0758 012B     		cmp	r3, #1
 1020 075a 06D1     		bne	.L126
 1021              	.L134:
 1022 075c 054B     		ldr	r3, .L143
 1023 075e 0022     		movs	r2, #0
 1024 0760 C3F8E020 		str	r2, [r3, #224]
 1025 0764 FFF7FEFF 		bl	vPortYieldFromISR
 1026 0768 0124     		movs	r4, #1
 1027              	.L126:
 1028 076a FFF7FEFF 		bl	vPortExitCritical
 1029 076e 2046     		mov	r0, r4
 1030 0770 BDE8F883 		pop	{r3, r4, r5, r6, r7, r8, r9, pc}
 1031              	.L144:
 1032              		.align	2
 1033              	.L143:
 1034 0774 00000000 		.word	.LANCHOR0
 1036              		.align	1
 1037              		.global	vTaskGetRunTimeStats
 1038              		.thumb
 1039              		.thumb_func
 1041              	vTaskGetRunTimeStats:
 1042              		@ args = 0, pretend = 0, frame = 0
 1043              		@ frame_needed = 0, uses_anonymous_args = 0
 1044 0778 2DE9F041 		push	{r4, r5, r6, r7, r8, lr}
 1045 077c 0446     		mov	r4, r0
 1046 077e FFF7FEFF 		bl	vTaskSuspendAll
 1047 0782 FFF7FEFF 		bl	uxGetTimerForRunTimeStats
 1048 0786 1B4F     		ldr	r7, .L152
 1049 0788 6423     		movs	r3, #100
 1050 078a D7F8B860 		ldr	r6, [r7, #184]
 1051 078e B0FBF3F5 		udiv	r5, r0, r3
 1052 0792 0023     		movs	r3, #0
 1053 0794 2370     		strb	r3, [r4, #0]
 1054 0796 0136     		adds	r6, r6, #1
 1055 0798 1437     		adds	r7, r7, #20
 1056 079a 4FF01408 		mov	r8, #20
 1057              	.L147:
 1058 079e 013E     		subs	r6, r6, #1
 1059 07a0 08FB06F3 		mul	r3, r8, r6
 1060 07a4 F918     		adds	r1, r7, r3
 1061 07a6 FB58     		ldr	r3, [r7, r3]
 1062 07a8 1BB1     		cbz	r3, .L146
 1063 07aa 2046     		mov	r0, r4
 1064 07ac 2A46     		mov	r2, r5
 1065 07ae FFF740FC 		bl	prvGenerateRunTimeStatsForTasksInList
 1066              	.L146:
 1067 07b2 002E     		cmp	r6, #0
 1068 07b4 F3D1     		bne	.L147
 1069 07b6 0F4E     		ldr	r6, .L152
 1070 07b8 F368     		ldr	r3, [r6, #12]
 1071 07ba 1B68     		ldr	r3, [r3, #0]
 1072 07bc 23B1     		cbz	r3, .L148
 1073 07be F168     		ldr	r1, [r6, #12]
 1074 07c0 2046     		mov	r0, r4
 1075 07c2 2A46     		mov	r2, r5
 1076 07c4 FFF735FC 		bl	prvGenerateRunTimeStatsForTasksInList
 1077              	.L148:
 1078 07c8 B368     		ldr	r3, [r6, #8]
 1079 07ca 1B68     		ldr	r3, [r3, #0]
 1080 07cc 2BB1     		cbz	r3, .L149
 1081 07ce 094B     		ldr	r3, .L152
 1082 07d0 2046     		mov	r0, r4
 1083 07d2 9968     		ldr	r1, [r3, #8]
 1084 07d4 2A46     		mov	r2, r5
 1085 07d6 FFF72CFC 		bl	prvGenerateRunTimeStatsForTasksInList
 1086              	.L149:
 1087 07da 0649     		ldr	r1, .L152
 1088 07dc D1F8A030 		ldr	r3, [r1, #160]
 1089 07e0 23B1     		cbz	r3, .L150
 1090 07e2 2046     		mov	r0, r4
 1091 07e4 A031     		adds	r1, r1, #160
 1092 07e6 2A46     		mov	r2, r5
 1093 07e8 FFF723FC 		bl	prvGenerateRunTimeStatsForTasksInList
 1094              	.L150:
 1095 07ec BDE8F041 		pop	{r4, r5, r6, r7, r8, lr}
 1096 07f0 FEE7     		b	xTaskResumeAll
 1097              	.L153:
 1098 07f2 00BF     		.align	2
 1099              	.L152:
 1100 07f4 00000000 		.word	.LANCHOR0
 1102              		.align	1
 1103              		.global	vTaskResetRunTimeStats
 1104              		.thumb
 1105              		.thumb_func
 1107              	vTaskResetRunTimeStats:
 1108              		@ args = 0, pretend = 0, frame = 0
 1109              		@ frame_needed = 0, uses_anonymous_args = 0
 1110 07f8 70B5     		push	{r4, r5, r6, lr}
 1111 07fa 184D     		ldr	r5, .L161
 1112 07fc FFF7FEFF 		bl	vTaskSuspendAll
 1113 0800 D5F8B840 		ldr	r4, [r5, #184]
 1114 0804 1426     		movs	r6, #20
 1115 0806 0134     		adds	r4, r4, #1
 1116 0808 1435     		adds	r5, r5, #20
 1117              	.L156:
 1118 080a 013C     		subs	r4, r4, #1
 1119 080c 06FB04F3 		mul	r3, r6, r4
 1120 0810 E818     		adds	r0, r5, r3
 1121 0812 EB58     		ldr	r3, [r5, r3]
 1122 0814 0BB1     		cbz	r3, .L155
 1123 0816 FFF7F3FB 		bl	prvResetRunTimeStatsInList
 1124              	.L155:
 1125 081a 002C     		cmp	r4, #0
 1126 081c F5D1     		bne	.L156
 1127 081e 0F4C     		ldr	r4, .L161
 1128 0820 E368     		ldr	r3, [r4, #12]
 1129 0822 1B68     		ldr	r3, [r3, #0]
 1130 0824 13B1     		cbz	r3, .L157
 1131 0826 E068     		ldr	r0, [r4, #12]
 1132 0828 FFF7EAFB 		bl	prvResetRunTimeStatsInList
 1133              	.L157:
 1134 082c A368     		ldr	r3, [r4, #8]
 1135 082e 1B68     		ldr	r3, [r3, #0]
 1136 0830 1BB1     		cbz	r3, .L158
 1137 0832 0A4B     		ldr	r3, .L161
 1138 0834 9868     		ldr	r0, [r3, #8]
 1139 0836 FFF7E3FB 		bl	prvResetRunTimeStatsInList
 1140              	.L158:
 1141 083a 084C     		ldr	r4, .L161
 1142 083c D4F8A030 		ldr	r3, [r4, #160]
 1143 0840 1BB1     		cbz	r3, .L159
 1144 0842 04F1A000 		add	r0, r4, #160
 1145 0846 FFF7DBFB 		bl	prvResetRunTimeStatsInList
 1146              	.L159:
 1147 084a 0023     		movs	r3, #0
 1148 084c C4F8E430 		str	r3, [r4, #228]
 1149 0850 FFF7FEFF 		bl	resetRunTimeCounter
 1150 0854 BDE87040 		pop	{r4, r5, r6, lr}
 1151 0858 FEE7     		b	xTaskResumeAll
 1152              	.L162:
 1153 085a 00BF     		.align	2
 1154              	.L161:
 1155 085c 00000000 		.word	.LANCHOR0
 1157              		.align	1
 1158              		.global	vTaskList
 1159              		.thumb
 1160              		.thumb_func
 1162              	vTaskList:
 1163              		@ args = 0, pretend = 0, frame = 0
 1164              		@ frame_needed = 0, uses_anonymous_args = 0
 1165 0860 2DE9F041 		push	{r4, r5, r6, r7, r8, lr}
 1166 0864 0446     		mov	r4, r0
 1167 0866 FFF7FEFF 		bl	vTaskSuspendAll
 1168 086a FFF7FEFF 		bl	uxGetTimerForRunTimeStats
 1169 086e 1D4F     		ldr	r7, .L170
 1170 0870 6423     		movs	r3, #100
 1171 0872 D7F8B860 		ldr	r6, [r7, #184]
 1172 0876 B0FBF3F5 		udiv	r5, r0, r3
 1173 087a 0023     		movs	r3, #0
 1174 087c 2370     		strb	r3, [r4, #0]
 1175 087e 0136     		adds	r6, r6, #1
 1176 0880 1437     		adds	r7, r7, #20
 1177 0882 4FF01408 		mov	r8, #20
 1178              	.L165:
 1179 0886 013E     		subs	r6, r6, #1
 1180 0888 08FB06F3 		mul	r3, r8, r6
 1181 088c F918     		adds	r1, r7, r3
 1182 088e FB58     		ldr	r3, [r7, r3]
 1183 0890 23B1     		cbz	r3, .L164
 1184 0892 2046     		mov	r0, r4
 1185 0894 5222     		movs	r2, #82
 1186 0896 2B46     		mov	r3, r5
 1187 0898 FFF720FC 		bl	prvListTaskWithinSingleList
 1188              	.L164:
 1189 089c 002E     		cmp	r6, #0
 1190 089e F2D1     		bne	.L165
 1191 08a0 104E     		ldr	r6, .L170
 1192 08a2 F368     		ldr	r3, [r6, #12]
 1193 08a4 1B68     		ldr	r3, [r3, #0]
 1194 08a6 2BB1     		cbz	r3, .L166
 1195 08a8 F168     		ldr	r1, [r6, #12]
 1196 08aa 2046     		mov	r0, r4
 1197 08ac 4222     		movs	r2, #66
 1198 08ae 2B46     		mov	r3, r5
 1199 08b0 FFF714FC 		bl	prvListTaskWithinSingleList
 1200              	.L166:
 1201 08b4 B368     		ldr	r3, [r6, #8]
 1202 08b6 1B68     		ldr	r3, [r3, #0]
 1203 08b8 33B1     		cbz	r3, .L167
 1204 08ba 0A4B     		ldr	r3, .L170
 1205 08bc 2046     		mov	r0, r4
 1206 08be 9968     		ldr	r1, [r3, #8]
 1207 08c0 4222     		movs	r2, #66
 1208 08c2 2B46     		mov	r3, r5
 1209 08c4 FFF70AFC 		bl	prvListTaskWithinSingleList
 1210              	.L167:
 1211 08c8 0649     		ldr	r1, .L170
 1212 08ca D1F8A030 		ldr	r3, [r1, #160]
 1213 08ce 2BB1     		cbz	r3, .L168
 1214 08d0 2046     		mov	r0, r4
 1215 08d2 A031     		adds	r1, r1, #160
 1216 08d4 5322     		movs	r2, #83
 1217 08d6 2B46     		mov	r3, r5
 1218 08d8 FFF700FC 		bl	prvListTaskWithinSingleList
 1219              	.L168:
 1220 08dc BDE8F041 		pop	{r4, r5, r6, r7, r8, lr}
 1221 08e0 FEE7     		b	xTaskResumeAll
 1222              	.L171:
 1223 08e2 00BF     		.align	2
 1224              	.L170:
 1225 08e4 00000000 		.word	.LANCHOR0
 1227              		.align	1
 1228              		.global	vTaskDelay
 1229              		.thumb
 1230              		.thumb_func
 1232              	vTaskDelay:
 1233              		@ args = 0, pretend = 0, frame = 0
 1234              		@ frame_needed = 0, uses_anonymous_args = 0
 1235 08e8 10B5     		push	{r4, lr}
 1236 08ea 0446     		mov	r4, r0
 1237 08ec 70B1     		cbz	r0, .L173
 1238 08ee FFF7FEFF 		bl	vTaskSuspendAll
 1239 08f2 094B     		ldr	r3, .L175
 1240 08f4 5A68     		ldr	r2, [r3, #4]
 1241 08f6 1868     		ldr	r0, [r3, #0]
 1242 08f8 A418     		adds	r4, r4, r2
 1243 08fa 0430     		adds	r0, r0, #4
 1244 08fc FFF7FEFF 		bl	vListRemove
 1245 0900 2046     		mov	r0, r4
 1246 0902 FFF73BFC 		bl	prvAddCurrentTaskToDelayedList
 1247 0906 FFF7FEFF 		bl	xTaskResumeAll
 1248 090a 18B9     		cbnz	r0, .L172
 1249              	.L173:
 1250 090c BDE81040 		pop	{r4, lr}
 1251 0910 FFF7FEBF 		b	vPortYieldFromISR
 1252              	.L172:
 1253 0914 10BD     		pop	{r4, pc}
 1254              	.L176:
 1255 0916 00BF     		.align	2
 1256              	.L175:
 1257 0918 00000000 		.word	.LANCHOR0
 1259              		.align	1
 1260              		.global	vTaskDelayUntil
 1261              		.thumb
 1262              		.thumb_func
 1264              	vTaskDelayUntil:
 1265              		@ args = 0, pretend = 0, frame = 0
 1266              		@ frame_needed = 0, uses_anonymous_args = 0
 1267 091c 38B5     		push	{r3, r4, r5, lr}
 1268 091e 0C46     		mov	r4, r1
 1269 0920 0546     		mov	r5, r0
 1270 0922 FFF7FEFF 		bl	vTaskSuspendAll
 1271 0926 134A     		ldr	r2, .L185
 1272 0928 2B68     		ldr	r3, [r5, #0]
 1273 092a 5168     		ldr	r1, [r2, #4]
 1274 092c E418     		adds	r4, r4, r3
 1275 092e 9942     		cmp	r1, r3
 1276 0930 02D2     		bcs	.L178
 1277 0932 9C42     		cmp	r4, r3
 1278 0934 08D2     		bcs	.L182
 1279 0936 01E0     		b	.L184
 1280              	.L178:
 1281 0938 9C42     		cmp	r4, r3
 1282 093a 07D3     		bcc	.L183
 1283              	.L184:
 1284 093c 5368     		ldr	r3, [r2, #4]
 1285 093e 9C42     		cmp	r4, r3
 1286 0940 94BF     		ite	ls
 1287 0942 0023     		movls	r3, #0
 1288 0944 0123     		movhi	r3, #1
 1289 0946 02E0     		b	.L179
 1290              	.L182:
 1291 0948 0023     		movs	r3, #0
 1292 094a 00E0     		b	.L179
 1293              	.L183:
 1294 094c 0123     		movs	r3, #1
 1295              	.L179:
 1296 094e 2C60     		str	r4, [r5, #0]
 1297 0950 3BB1     		cbz	r3, .L180
 1298 0952 084B     		ldr	r3, .L185
 1299 0954 1868     		ldr	r0, [r3, #0]
 1300 0956 0430     		adds	r0, r0, #4
 1301 0958 FFF7FEFF 		bl	vListRemove
 1302 095c 2046     		mov	r0, r4
 1303 095e FFF70DFC 		bl	prvAddCurrentTaskToDelayedList
 1304              	.L180:
 1305 0962 FFF7FEFF 		bl	xTaskResumeAll
 1306 0966 18B9     		cbnz	r0, .L177
 1307 0968 BDE83840 		pop	{r3, r4, r5, lr}
 1308 096c FFF7FEBF 		b	vPortYieldFromISR
 1309              	.L177:
 1310 0970 38BD     		pop	{r3, r4, r5, pc}
 1311              	.L186:
 1312 0972 00BF     		.align	2
 1313              	.L185:
 1314 0974 00000000 		.word	.LANCHOR0
 1316              		.align	1
 1317              		.global	vTaskSwitchContext
 1318              		.thumb
 1319              		.thumb_func
 1321              	vTaskSwitchContext:
 1322              		@ args = 0, pretend = 0, frame = 0
 1323              		@ frame_needed = 0, uses_anonymous_args = 0
 1324 0978 38B5     		push	{r3, r4, r5, lr}
 1325 097a 3D4C     		ldr	r4, .L197
 1326 097c D4F8C430 		ldr	r3, [r4, #196]
 1327 0980 1BB1     		cbz	r3, .L188
 1328 0982 0123     		movs	r3, #1
 1329 0984 C4F8E030 		str	r3, [r4, #224]
 1330 0988 38BD     		pop	{r3, r4, r5, pc}
 1331              	.L188:
 1332 098a FFF7FEFF 		bl	uxGetTimerForRunTimeStats
 1333 098e 2368     		ldr	r3, [r4, #0]
 1334 0990 D4F8E420 		ldr	r2, [r4, #228]
 1335 0994 996C     		ldr	r1, [r3, #72]
 1336 0996 C4F8E400 		str	r0, [r4, #228]
 1337 099a 8A1A     		subs	r2, r1, r2
 1338 099c 1218     		adds	r2, r2, r0
 1339 099e 9A64     		str	r2, [r3, #72]
 1340 09a0 2268     		ldr	r2, [r4, #0]
 1341 09a2 2368     		ldr	r3, [r4, #0]
 1342 09a4 1268     		ldr	r2, [r2, #0]
 1343 09a6 1B6B     		ldr	r3, [r3, #48]
 1344 09a8 9A42     		cmp	r2, r3
 1345 09aa 04D8     		bhi	.L190
 1346 09ac 2068     		ldr	r0, [r4, #0]
 1347 09ae 2168     		ldr	r1, [r4, #0]
 1348 09b0 3431     		adds	r1, r1, #52
 1349 09b2 FFF7FEFF 		bl	vApplicationStackOverflowHook
 1350              	.L190:
 1351 09b6 2E4C     		ldr	r4, .L197
 1352 09b8 2E49     		ldr	r1, .L197+4
 1353 09ba 2368     		ldr	r3, [r4, #0]
 1354 09bc 1422     		movs	r2, #20
 1355 09be 186B     		ldr	r0, [r3, #48]
 1356 09c0 FFF7FEFF 		bl	memcmp
 1357 09c4 58B1     		cbz	r0, .L192
 1358 09c6 2068     		ldr	r0, [r4, #0]
 1359 09c8 2168     		ldr	r1, [r4, #0]
 1360 09ca 3431     		adds	r1, r1, #52
 1361 09cc FFF7FEFF 		bl	vApplicationStackOverflowHook
 1362 09d0 05E0     		b	.L192
 1363              	.L193:
 1364 09d2 D2F8C010 		ldr	r1, [r2, #192]
 1365 09d6 0139     		subs	r1, r1, #1
 1366 09d8 C2F8C010 		str	r1, [r2, #192]
 1367 09dc 03E0     		b	.L196
 1368              	.L192:
 1369 09de 244A     		ldr	r2, .L197
 1370 09e0 1423     		movs	r3, #20
 1371 09e2 02F11404 		add	r4, r2, #20
 1372              	.L196:
 1373 09e6 D2F8C050 		ldr	r5, [r2, #192]
 1374 09ea 2149     		ldr	r1, .L197
 1375 09ec 5D43     		muls	r5, r3, r5
 1376 09ee 6559     		ldr	r5, [r4, r5]
 1377 09f0 01F11400 		add	r0, r1, #20
 1378 09f4 002D     		cmp	r5, #0
 1379 09f6 ECD0     		beq	.L193
 1380 09f8 D1F8C030 		ldr	r3, [r1, #192]
 1381 09fc 1422     		movs	r2, #20
 1382 09fe 02FB0303 		mla	r3, r2, r3, r0
 1383 0a02 5A68     		ldr	r2, [r3, #4]
 1384 0a04 03F10801 		add	r1, r3, #8
 1385 0a08 5268     		ldr	r2, [r2, #4]
 1386 0a0a 5A60     		str	r2, [r3, #4]
 1387 0a0c 8A42     		cmp	r2, r1
 1388 0a0e 04BF     		itt	eq
 1389 0a10 5268     		ldreq	r2, [r2, #4]
 1390 0a12 5A60     		streq	r2, [r3, #4]
 1391 0a14 5B68     		ldr	r3, [r3, #4]
 1392 0a16 DA68     		ldr	r2, [r3, #12]
 1393 0a18 154B     		ldr	r3, .L197
 1394 0a1a 1A60     		str	r2, [r3, #0]
 1395 0a1c D3F8D420 		ldr	r2, [r3, #212]
 1396 0a20 22B3     		cbz	r2, .L187
 1397 0a22 1A68     		ldr	r2, [r3, #0]
 1398 0a24 1449     		ldr	r1, .L197+8
 1399 0a26 126C     		ldr	r2, [r2, #64]
 1400 0a28 4868     		ldr	r0, [r1, #4]
 1401 0a2a 9042     		cmp	r0, r2
 1402 0a2c 1ED0     		beq	.L187
 1403 0a2e D3F8C820 		ldr	r2, [r3, #200]
 1404 0a32 D3F8D000 		ldr	r0, [r3, #208]
 1405 0a36 0832     		adds	r2, r2, #8
 1406 0a38 9042     		cmp	r0, r2
 1407 0a3a 14D9     		bls	.L195
 1408 0a3c 1A68     		ldr	r2, [r3, #0]
 1409 0a3e 126C     		ldr	r2, [r2, #64]
 1410 0a40 4A60     		str	r2, [r1, #4]
 1411 0a42 D3F8C810 		ldr	r1, [r3, #200]
 1412 0a46 5868     		ldr	r0, [r3, #4]
 1413 0a48 0860     		str	r0, [r1, #0]
 1414 0a4a D3F8C810 		ldr	r1, [r3, #200]
 1415 0a4e 0431     		adds	r1, r1, #4
 1416 0a50 C3F8C810 		str	r1, [r3, #200]
 1417 0a54 D3F8C810 		ldr	r1, [r3, #200]
 1418 0a58 0A60     		str	r2, [r1, #0]
 1419 0a5a D3F8C820 		ldr	r2, [r3, #200]
 1420 0a5e 0432     		adds	r2, r2, #4
 1421 0a60 C3F8C820 		str	r2, [r3, #200]
 1422 0a64 38BD     		pop	{r3, r4, r5, pc}
 1423              	.L195:
 1424 0a66 0022     		movs	r2, #0
 1425 0a68 C3F8D420 		str	r2, [r3, #212]
 1426              	.L187:
 1427 0a6c 38BD     		pop	{r3, r4, r5, pc}
 1428              	.L198:
 1429 0a6e 00BF     		.align	2
 1430              	.L197:
 1431 0a70 00000000 		.word	.LANCHOR0
 1432 0a74 00000000 		.word	.LANCHOR2
 1433 0a78 00000000 		.word	.LANCHOR1
 1435              		.align	1
 1436              		.global	vTaskSuspend
 1437              		.thumb
 1438              		.thumb_func
 1440              	vTaskSuspend:
 1441              		@ args = 0, pretend = 0, frame = 0
 1442              		@ frame_needed = 0, uses_anonymous_args = 0
 1443 0a7c 70B5     		push	{r4, r5, r6, lr}
 1444 0a7e 0446     		mov	r4, r0
 1445 0a80 FFF7FEFF 		bl	vPortEnterCritical
 1446 0a84 164B     		ldr	r3, .L207
 1447 0a86 1A68     		ldr	r2, [r3, #0]
 1448 0a88 9442     		cmp	r4, r2
 1449 0a8a 01D0     		beq	.L200
 1450 0a8c 2546     		mov	r5, r4
 1451 0a8e 0CB9     		cbnz	r4, .L201
 1452              	.L200:
 1453 0a90 1D68     		ldr	r5, [r3, #0]
 1454 0a92 0024     		movs	r4, #0
 1455              	.L201:
 1456 0a94 2E1D     		adds	r6, r5, #4
 1457 0a96 3046     		mov	r0, r6
 1458 0a98 FFF7FEFF 		bl	vListRemove
 1459 0a9c AB6A     		ldr	r3, [r5, #40]
 1460 0a9e 1BB1     		cbz	r3, .L202
 1461 0aa0 05F11800 		add	r0, r5, #24
 1462 0aa4 FFF7FEFF 		bl	vListRemove
 1463              	.L202:
 1464 0aa8 0D4D     		ldr	r5, .L207
 1465 0aaa 3146     		mov	r1, r6
 1466 0aac 05F1A000 		add	r0, r5, #160
 1467 0ab0 FFF7FEFF 		bl	vListInsertEnd
 1468 0ab4 FFF7FEFF 		bl	vPortExitCritical
 1469 0ab8 002C     		cmp	r4, #0
 1470 0aba 10D1     		bne	.L199
 1471 0abc D5F8B430 		ldr	r3, [r5, #180]
 1472 0ac0 1BB1     		cbz	r3, .L204
 1473 0ac2 BDE87040 		pop	{r4, r5, r6, lr}
 1474 0ac6 FFF7FEBF 		b	vPortYieldFromISR
 1475              	.L204:
 1476 0aca D5F8A020 		ldr	r2, [r5, #160]
 1477 0ace 2B69     		ldr	r3, [r5, #16]
 1478 0ad0 9A42     		cmp	r2, r3
 1479 0ad2 01D1     		bne	.L205
 1480 0ad4 2C60     		str	r4, [r5, #0]
 1481 0ad6 70BD     		pop	{r4, r5, r6, pc}
 1482              	.L205:
 1483 0ad8 BDE87040 		pop	{r4, r5, r6, lr}
 1484 0adc FEE7     		b	vTaskSwitchContext
 1485              	.L199:
 1486 0ade 70BD     		pop	{r4, r5, r6, pc}
 1487              	.L208:
 1488              		.align	2
 1489              	.L207:
 1490 0ae0 00000000 		.word	.LANCHOR0
 1492              		.align	1
 1493              		.global	vTaskPlaceOnEventList
 1494              		.thumb
 1495              		.thumb_func
 1497              	vTaskPlaceOnEventList:
 1498              		@ args = 0, pretend = 0, frame = 0
 1499              		@ frame_needed = 0, uses_anonymous_args = 0
 1500 0ae4 38B5     		push	{r3, r4, r5, lr}
 1501 0ae6 0D4C     		ldr	r4, .L211
 1502 0ae8 0D46     		mov	r5, r1
 1503 0aea 2168     		ldr	r1, [r4, #0]
 1504 0aec 1831     		adds	r1, r1, #24
 1505 0aee FFF7FEFF 		bl	vListInsert
 1506 0af2 2068     		ldr	r0, [r4, #0]
 1507 0af4 0430     		adds	r0, r0, #4
 1508 0af6 FFF7FEFF 		bl	vListRemove
 1509 0afa 6B1C     		adds	r3, r5, #1
 1510 0afc 07D1     		bne	.L210
 1511 0afe 2046     		mov	r0, r4
 1512 0b00 50F8A01B 		ldr	r1, [r0], #160
 1513 0b04 0431     		adds	r1, r1, #4
 1514 0b06 BDE83840 		pop	{r3, r4, r5, lr}
 1515 0b0a FFF7FEBF 		b	vListInsertEnd
 1516              	.L210:
 1517 0b0e 6068     		ldr	r0, [r4, #4]
 1518 0b10 2818     		adds	r0, r5, r0
 1519 0b12 BDE83840 		pop	{r3, r4, r5, lr}
 1520 0b16 FFF731BB 		b	prvAddCurrentTaskToDelayedList
 1521              	.L212:
 1522 0b1a 00BF     		.align	2
 1523              	.L211:
 1524 0b1c 00000000 		.word	.LANCHOR0
 1526              		.align	1
 1527              		.global	vTaskPlaceOnEventListRestricted
 1528              		.thumb
 1529              		.thumb_func
 1531              	vTaskPlaceOnEventListRestricted:
 1532              		@ args = 0, pretend = 0, frame = 0
 1533              		@ frame_needed = 0, uses_anonymous_args = 0
 1534 0b20 38B5     		push	{r3, r4, r5, lr}
 1535 0b22 084C     		ldr	r4, .L214
 1536 0b24 0D46     		mov	r5, r1
 1537 0b26 2168     		ldr	r1, [r4, #0]
 1538 0b28 1831     		adds	r1, r1, #24
 1539 0b2a FFF7FEFF 		bl	vListInsertEnd
 1540 0b2e 2068     		ldr	r0, [r4, #0]
 1541 0b30 0430     		adds	r0, r0, #4
 1542 0b32 FFF7FEFF 		bl	vListRemove
 1543 0b36 6068     		ldr	r0, [r4, #4]
 1544 0b38 2818     		adds	r0, r5, r0
 1545 0b3a BDE83840 		pop	{r3, r4, r5, lr}
 1546 0b3e FFF71DBB 		b	prvAddCurrentTaskToDelayedList
 1547              	.L215:
 1548 0b42 00BF     		.align	2
 1549              	.L214:
 1550 0b44 00000000 		.word	.LANCHOR0
 1552              		.align	1
 1553              		.global	xTaskRemoveFromEventList
 1554              		.thumb
 1555              		.thumb_func
 1557              	xTaskRemoveFromEventList:
 1558              		@ args = 0, pretend = 0, frame = 0
 1559              		@ frame_needed = 0, uses_anonymous_args = 0
 1560 0b48 70B5     		push	{r4, r5, r6, lr}
 1561 0b4a C368     		ldr	r3, [r0, #12]
 1562 0b4c 134D     		ldr	r5, .L221
 1563 0b4e DC68     		ldr	r4, [r3, #12]
 1564 0b50 04F11806 		add	r6, r4, #24
 1565 0b54 3046     		mov	r0, r6
 1566 0b56 FFF7FEFF 		bl	vListRemove
 1567 0b5a D5F8C430 		ldr	r3, [r5, #196]
 1568 0b5e 05F18C00 		add	r0, r5, #140
 1569 0b62 73B9     		cbnz	r3, .L220
 1570 0b64 261D     		adds	r6, r4, #4
 1571 0b66 3046     		mov	r0, r6
 1572 0b68 FFF7FEFF 		bl	vListRemove
 1573 0b6c E36A     		ldr	r3, [r4, #44]
 1574 0b6e D5F8C020 		ldr	r2, [r5, #192]
 1575 0b72 9342     		cmp	r3, r2
 1576 0b74 0A4A     		ldr	r2, .L221+4
 1577 0b76 88BF     		it	hi
 1578 0b78 C5F8C030 		strhi	r3, [r5, #192]
 1579 0b7c 1420     		movs	r0, #20
 1580 0b7e 00FB0320 		mla	r0, r0, r3, r2
 1581              	.L220:
 1582 0b82 3146     		mov	r1, r6
 1583 0b84 FFF7FEFF 		bl	vListInsertEnd
 1584 0b88 044B     		ldr	r3, .L221
 1585 0b8a E06A     		ldr	r0, [r4, #44]
 1586 0b8c 1B68     		ldr	r3, [r3, #0]
 1587 0b8e DB6A     		ldr	r3, [r3, #44]
 1588 0b90 9842     		cmp	r0, r3
 1589 0b92 34BF     		ite	cc
 1590 0b94 0020     		movcc	r0, #0
 1591 0b96 0120     		movcs	r0, #1
 1592 0b98 70BD     		pop	{r4, r5, r6, pc}
 1593              	.L222:
 1594 0b9a 00BF     		.align	2
 1595              	.L221:
 1596 0b9c 00000000 		.word	.LANCHOR0
 1597 0ba0 14000000 		.word	.LANCHOR0+20
 1599              		.align	1
 1600              		.global	vTaskSetTimeOutState
 1601              		.thumb
 1602              		.thumb_func
 1604              	vTaskSetTimeOutState:
 1605              		@ args = 0, pretend = 0, frame = 0
 1606              		@ frame_needed = 0, uses_anonymous_args = 0
 1607              		@ link register save eliminated.
 1608 0ba4 034B     		ldr	r3, .L224
 1609 0ba6 D3F8D820 		ldr	r2, [r3, #216]
 1610 0baa 5B68     		ldr	r3, [r3, #4]
 1611 0bac 0260     		str	r2, [r0, #0]
 1612 0bae 4360     		str	r3, [r0, #4]
 1613 0bb0 7047     		bx	lr
 1614              	.L225:
 1615 0bb2 00BF     		.align	2
 1616              	.L224:
 1617 0bb4 00000000 		.word	.LANCHOR0
 1619              		.align	1
 1620              		.global	xTaskCheckForTimeOut
 1621              		.thumb
 1622              		.thumb_func
 1624              	xTaskCheckForTimeOut:
 1625              		@ args = 0, pretend = 0, frame = 0
 1626              		@ frame_needed = 0, uses_anonymous_args = 0
 1627 0bb8 38B5     		push	{r3, r4, r5, lr}
 1628 0bba 0D46     		mov	r5, r1
 1629 0bbc 0446     		mov	r4, r0
 1630 0bbe FFF7FEFF 		bl	vPortEnterCritical
 1631 0bc2 2B68     		ldr	r3, [r5, #0]
 1632 0bc4 5A1C     		adds	r2, r3, #1
 1633 0bc6 17D0     		beq	.L229
 1634 0bc8 0F4A     		ldr	r2, .L232
 1635 0bca 2168     		ldr	r1, [r4, #0]
 1636 0bcc D2F8D800 		ldr	r0, [r2, #216]
 1637 0bd0 8842     		cmp	r0, r1
 1638 0bd2 1146     		mov	r1, r2
 1639 0bd4 03D0     		beq	.L228
 1640 0bd6 5068     		ldr	r0, [r2, #4]
 1641 0bd8 6268     		ldr	r2, [r4, #4]
 1642 0bda 9042     		cmp	r0, r2
 1643 0bdc 0ED2     		bcs	.L231
 1644              	.L228:
 1645 0bde 4968     		ldr	r1, [r1, #4]
 1646 0be0 6268     		ldr	r2, [r4, #4]
 1647 0be2 891A     		subs	r1, r1, r2
 1648 0be4 9942     		cmp	r1, r3
 1649 0be6 09D2     		bcs	.L231
 1650 0be8 0749     		ldr	r1, .L232
 1651 0bea 2046     		mov	r0, r4
 1652 0bec 4968     		ldr	r1, [r1, #4]
 1653 0bee 521A     		subs	r2, r2, r1
 1654 0bf0 D318     		adds	r3, r2, r3
 1655 0bf2 2B60     		str	r3, [r5, #0]
 1656 0bf4 FFF7FEFF 		bl	vTaskSetTimeOutState
 1657              	.L229:
 1658 0bf8 0024     		movs	r4, #0
 1659 0bfa 00E0     		b	.L227
 1660              	.L231:
 1661 0bfc 0124     		movs	r4, #1
 1662              	.L227:
 1663 0bfe FFF7FEFF 		bl	vPortExitCritical
 1664 0c02 2046     		mov	r0, r4
 1665 0c04 38BD     		pop	{r3, r4, r5, pc}
 1666              	.L233:
 1667 0c06 00BF     		.align	2
 1668              	.L232:
 1669 0c08 00000000 		.word	.LANCHOR0
 1671              		.align	1
 1672              		.global	vTaskMissedYield
 1673              		.thumb
 1674              		.thumb_func
 1676              	vTaskMissedYield:
 1677              		@ args = 0, pretend = 0, frame = 0
 1678              		@ frame_needed = 0, uses_anonymous_args = 0
 1679              		@ link register save eliminated.
 1680 0c0c 024B     		ldr	r3, .L235
 1681 0c0e 0122     		movs	r2, #1
 1682 0c10 C3F8E020 		str	r2, [r3, #224]
 1683 0c14 7047     		bx	lr
 1684              	.L236:
 1685 0c16 00BF     		.align	2
 1686              	.L235:
 1687 0c18 00000000 		.word	.LANCHOR0
 1689              		.align	1
 1690              		.global	xTaskGetCurrentTaskHandle
 1691              		.thumb
 1692              		.thumb_func
 1694              	xTaskGetCurrentTaskHandle:
 1695              		@ args = 0, pretend = 0, frame = 0
 1696              		@ frame_needed = 0, uses_anonymous_args = 0
 1697              		@ link register save eliminated.
 1698 0c1c 014B     		ldr	r3, .L238
 1699 0c1e 1868     		ldr	r0, [r3, #0]
 1700 0c20 7047     		bx	lr
 1701              	.L239:
 1702 0c22 00BF     		.align	2
 1703              	.L238:
 1704 0c24 00000000 		.word	.LANCHOR0
 1706              		.align	1
 1707              		.global	xTaskGetSchedulerState
 1708              		.thumb
 1709              		.thumb_func
 1711              	xTaskGetSchedulerState:
 1712              		@ args = 0, pretend = 0, frame = 0
 1713              		@ frame_needed = 0, uses_anonymous_args = 0
 1714              		@ link register save eliminated.
 1715 0c28 054B     		ldr	r3, .L244
 1716 0c2a D3F8B400 		ldr	r0, [r3, #180]
 1717 0c2e 28B1     		cbz	r0, .L241
 1718 0c30 D3F8C400 		ldr	r0, [r3, #196]
 1719 0c34 0028     		cmp	r0, #0
 1720 0c36 14BF     		ite	ne
 1721 0c38 0220     		movne	r0, #2
 1722 0c3a 0120     		moveq	r0, #1
 1723              	.L241:
 1724 0c3c 7047     		bx	lr
 1725              	.L245:
 1726 0c3e 00BF     		.align	2
 1727              	.L244:
 1728 0c40 00000000 		.word	.LANCHOR0
 1730              		.align	1
 1731              		.global	vTaskPriorityInherit
 1732              		.thumb
 1733              		.thumb_func
 1735              	vTaskPriorityInherit:
 1736              		@ args = 0, pretend = 0, frame = 0
 1737              		@ frame_needed = 0, uses_anonymous_args = 0
 1738 0c44 70B5     		push	{r4, r5, r6, lr}
 1739 0c46 174D     		ldr	r5, .L250
 1740 0c48 C26A     		ldr	r2, [r0, #44]
 1741 0c4a 2B68     		ldr	r3, [r5, #0]
 1742 0c4c 0446     		mov	r4, r0
 1743 0c4e DB6A     		ldr	r3, [r3, #44]
 1744 0c50 9A42     		cmp	r2, r3
 1745 0c52 26D2     		bcs	.L246
 1746 0c54 2B46     		mov	r3, r5
 1747 0c56 53F8141B 		ldr	r1, [r3], #20
 1748 0c5a C96A     		ldr	r1, [r1, #44]
 1749 0c5c C1F10401 		rsb	r1, r1, #4
 1750 0c60 8161     		str	r1, [r0, #24]
 1751 0c62 1421     		movs	r1, #20
 1752 0c64 01FB0233 		mla	r3, r1, r2, r3
 1753 0c68 4269     		ldr	r2, [r0, #20]
 1754 0c6a 9A42     		cmp	r2, r3
 1755 0c6c 1EBF     		ittt	ne
 1756 0c6e 2B68     		ldrne	r3, [r5, #0]
 1757 0c70 DB6A     		ldrne	r3, [r3, #44]
 1758 0c72 C362     		strne	r3, [r0, #44]
 1759 0c74 15D1     		bne	.L246
 1760 0c76 061D     		adds	r6, r0, #4
 1761 0c78 3046     		mov	r0, r6
 1762 0c7a FFF7FEFF 		bl	vListRemove
 1763 0c7e 2B68     		ldr	r3, [r5, #0]
 1764 0c80 D5F8C020 		ldr	r2, [r5, #192]
 1765 0c84 DB6A     		ldr	r3, [r3, #44]
 1766 0c86 3146     		mov	r1, r6
 1767 0c88 9342     		cmp	r3, r2
 1768 0c8a 074A     		ldr	r2, .L250+4
 1769 0c8c 88BF     		it	hi
 1770 0c8e C5F8C030 		strhi	r3, [r5, #192]
 1771 0c92 1420     		movs	r0, #20
 1772 0c94 00FB0320 		mla	r0, r0, r3, r2
 1773 0c98 E362     		str	r3, [r4, #44]
 1774 0c9a BDE87040 		pop	{r4, r5, r6, lr}
 1775 0c9e FFF7FEBF 		b	vListInsertEnd
 1776              	.L246:
 1777 0ca2 70BD     		pop	{r4, r5, r6, pc}
 1778              	.L251:
 1779              		.align	2
 1780              	.L250:
 1781 0ca4 00000000 		.word	.LANCHOR0
 1782 0ca8 14000000 		.word	.LANCHOR0+20
 1784              		.align	1
 1785              		.global	vTaskPriorityDisinherit
 1786              		.thumb
 1787              		.thumb_func
 1789              	vTaskPriorityDisinherit:
 1790              		@ args = 0, pretend = 0, frame = 0
 1791              		@ frame_needed = 0, uses_anonymous_args = 0
 1792 0cac 38B5     		push	{r3, r4, r5, lr}
 1793 0cae 0446     		mov	r4, r0
 1794 0cb0 E0B1     		cbz	r0, .L252
 1795 0cb2 C26A     		ldr	r2, [r0, #44]
 1796 0cb4 436C     		ldr	r3, [r0, #68]
 1797 0cb6 9A42     		cmp	r2, r3
 1798 0cb8 18D0     		beq	.L252
 1799 0cba 051D     		adds	r5, r0, #4
 1800 0cbc 2846     		mov	r0, r5
 1801 0cbe FFF7FEFF 		bl	vListRemove
 1802 0cc2 636C     		ldr	r3, [r4, #68]
 1803 0cc4 C3F10402 		rsb	r2, r3, #4
 1804 0cc8 A261     		str	r2, [r4, #24]
 1805 0cca 094A     		ldr	r2, .L255
 1806 0ccc E362     		str	r3, [r4, #44]
 1807 0cce D2F8C010 		ldr	r1, [r2, #192]
 1808 0cd2 8B42     		cmp	r3, r1
 1809 0cd4 88BF     		it	hi
 1810 0cd6 C2F8C030 		strhi	r3, [r2, #192]
 1811 0cda 064A     		ldr	r2, .L255+4
 1812 0cdc 1420     		movs	r0, #20
 1813 0cde 00FB0320 		mla	r0, r0, r3, r2
 1814 0ce2 2946     		mov	r1, r5
 1815 0ce4 BDE83840 		pop	{r3, r4, r5, lr}
 1816 0ce8 FFF7FEBF 		b	vListInsertEnd
 1817              	.L252:
 1818 0cec 38BD     		pop	{r3, r4, r5, pc}
 1819              	.L256:
 1820 0cee 00BF     		.align	2
 1821              	.L255:
 1822 0cf0 00000000 		.word	.LANCHOR0
 1823 0cf4 14000000 		.word	.LANCHOR0+20
 1825              		.global	pxCurrentTCB
 1826              		.section	.rodata
 1827              		.set	.LANCHOR2,. + 0
 1830              	ucExpectedStackBytes.3111:
 1831 0000 A5       		.byte	-91
 1832 0001 A5       		.byte	-91
 1833 0002 A5       		.byte	-91
 1834 0003 A5       		.byte	-91
 1835 0004 A5       		.byte	-91
 1836 0005 A5       		.byte	-91
 1837 0006 A5       		.byte	-91
 1838 0007 A5       		.byte	-91
 1839 0008 A5       		.byte	-91
 1840 0009 A5       		.byte	-91
 1841 000a A5       		.byte	-91
 1842 000b A5       		.byte	-91
 1843 000c A5       		.byte	-91
 1844 000d A5       		.byte	-91
 1845 000e A5       		.byte	-91
 1846 000f A5       		.byte	-91
 1847 0010 A5       		.byte	-91
 1848 0011 A5       		.byte	-91
 1849 0012 A5       		.byte	-91
 1850 0013 A5       		.byte	-91
 1851              		.section	.rodata.str1.1,"aMS",%progbits,1
 1852              	.LC0:
 1853 0000 25313273 		.ascii	"%12s  %10u  0%%\015\012\000"
 1853      20202531 
 1853      30752020 
 1853      3025250D 
 1853      0A00
 1854              	.LC1:
 1855 0012 25313273 		.ascii	"%12s  %10u  %u%%\015\012\000"
 1855      20202531 
 1855      30752020 
 1855      25752525 
 1855      0D0A00
 1856              	.LC2:
 1857 0025 25313273 		.ascii	"%12s  %10u  <1%%\015\012\000"
 1857      20202531 
 1857      30752020 
 1857      3C312525 
 1857      0D0A00
 1858              	.LC3:
 1859 0038 25313073 		.ascii	"%10s  %c  %u  %5u  %u %2u%%  %u\015\012\000"
 1859      20202563 
 1859      20202575 
 1859      20202535 
 1859      75202025 
 1860              	.LC4:
 1861 005a 49444C45 		.ascii	"IDLE\000"
 1861      00
 1862              		.data
 1863              		.align	2
 1864              		.set	.LANCHOR1,. + 0
 1867              	xNextTaskUnblockTime:
 1868 0000 FFFFFFFF 		.word	-1
 1871              	uxPreviousTask:
 1872 0004 FF000000 		.word	255
 1873              		.bss
 1874              		.align	2
 1875              		.set	.LANCHOR0,. + 0
 1878              	pxCurrentTCB:
 1879 0000 00000000 		.space	4
 1882              	xTickCount:
 1883 0004 00000000 		.space	4
 1886              	pxOverflowDelayedTaskList:
 1887 0008 00000000 		.space	4
 1890              	pxDelayedTaskList:
 1891 000c 00000000 		.space	4
 1894              	uxCurrentNumberOfTasks:
 1895 0010 00000000 		.space	4
 1898              	pxReadyTasksLists:
 1899 0014 00000000 		.space	80
 1899      00000000 
 1899      00000000 
 1899      00000000 
 1899      00000000 
 1902              	xDelayedTaskList1:
 1903 0064 00000000 		.space	20
 1903      00000000 
 1903      00000000 
 1903      00000000 
 1903      00000000 
 1906              	xDelayedTaskList2:
 1907 0078 00000000 		.space	20
 1907      00000000 
 1907      00000000 
 1907      00000000 
 1907      00000000 
 1910              	xPendingReadyList:
 1911 008c 00000000 		.space	20
 1911      00000000 
 1911      00000000 
 1911      00000000 
 1911      00000000 
 1914              	xSuspendedTaskList:
 1915 00a0 00000000 		.space	20
 1915      00000000 
 1915      00000000 
 1915      00000000 
 1915      00000000 
 1918              	xSchedulerRunning:
 1919 00b4 00000000 		.space	4
 1922              	uxTopUsedPriority:
 1923 00b8 00000000 		.space	4
 1926              	uxTaskNumber:
 1927 00bc 00000000 		.space	4
 1930              	uxTopReadyPriority:
 1931 00c0 00000000 		.space	4
 1934              	uxSchedulerSuspended:
 1935 00c4 00000000 		.space	4
 1938              	pcTraceBuffer:
 1939 00c8 00000000 		.space	4
 1942              	pcTraceBufferStart:
 1943 00cc 00000000 		.space	4
 1946              	pcTraceBufferEnd:
 1947 00d0 00000000 		.space	4
 1950              	xTracing:
 1951 00d4 00000000 		.space	4
 1954              	xNumOfOverflows:
 1955 00d8 00000000 		.space	4
 1958              	uxMissedTicks:
 1959 00dc 00000000 		.space	4
 1962              	xMissedYield:
 1963 00e0 00000000 		.space	4
 1966              	ulTaskSwitchedInTime:
 1967 00e4 00000000 		.space	4
 1968              		.ident	"GCC: (GNU) 4.6.2"
DEFINED SYMBOLS
                            *ABS*:00000000 tasks.c
C:\Users\Rhonda\AppData\Local\Temp\ccvNitHn.s:15     .text:00000000 $t
C:\Users\Rhonda\AppData\Local\Temp\ccvNitHn.s:19     .text:00000000 prvResetRunTimeStatsInList
C:\Users\Rhonda\AppData\Local\Temp\ccvNitHn.s:51     .text:00000032 prvGenerateRunTimeStatsForTasksInList
C:\Users\Rhonda\AppData\Local\Temp\ccvNitHn.s:122    .text:000000d0 $d
C:\Users\Rhonda\AppData\Local\Temp\ccvNitHn.s:126    .text:000000dc $t
C:\Users\Rhonda\AppData\Local\Temp\ccvNitHn.s:130    .text:000000dc prvListTaskWithinSingleList
C:\Users\Rhonda\AppData\Local\Temp\ccvNitHn.s:196    .text:00000170 $d
C:\Users\Rhonda\AppData\Local\Temp\ccvNitHn.s:198    .text:00000174 $t
C:\Users\Rhonda\AppData\Local\Temp\ccvNitHn.s:202    .text:00000174 prvIdleTask
C:\Users\Rhonda\AppData\Local\Temp\ccvNitHn.s:215    .text:0000017c prvAddCurrentTaskToDelayedList
C:\Users\Rhonda\AppData\Local\Temp\ccvNitHn.s:245    .text:000001b0 $d
C:\Users\Rhonda\AppData\Local\Temp\ccvNitHn.s:248    .text:000001b8 $t
C:\Users\Rhonda\AppData\Local\Temp\ccvNitHn.s:253    .text:000001b8 xTaskGenericCreate
C:\Users\Rhonda\AppData\Local\Temp\ccvNitHn.s:405    .text:0000033c $d
C:\Users\Rhonda\AppData\Local\Temp\ccvNitHn.s:407    .text:00000340 $t
C:\Users\Rhonda\AppData\Local\Temp\ccvNitHn.s:412    .text:00000340 uxTaskPriorityGet
C:\Users\Rhonda\AppData\Local\Temp\ccvNitHn.s:429    .text:00000358 $d
C:\Users\Rhonda\AppData\Local\Temp\ccvNitHn.s:431    .text:0000035c $t
C:\Users\Rhonda\AppData\Local\Temp\ccvNitHn.s:436    .text:0000035c vTaskPrioritySet
C:\Users\Rhonda\AppData\Local\Temp\ccvNitHn.s:505    .text:000003ec $d
C:\Users\Rhonda\AppData\Local\Temp\ccvNitHn.s:507    .text:000003f0 $t
C:\Users\Rhonda\AppData\Local\Temp\ccvNitHn.s:512    .text:000003f0 xTaskIsTaskSuspended
C:\Users\Rhonda\AppData\Local\Temp\ccvNitHn.s:537    .text:00000414 $d
C:\Users\Rhonda\AppData\Local\Temp\ccvNitHn.s:539    .text:00000418 $t
C:\Users\Rhonda\AppData\Local\Temp\ccvNitHn.s:544    .text:00000418 vTaskResume
C:\Users\Rhonda\AppData\Local\Temp\ccvNitHn.s:588    .text:00000478 $d
C:\Users\Rhonda\AppData\Local\Temp\ccvNitHn.s:590    .text:0000047c $t
C:\Users\Rhonda\AppData\Local\Temp\ccvNitHn.s:595    .text:0000047c xTaskResumeFromISR
C:\Users\Rhonda\AppData\Local\Temp\ccvNitHn.s:639    .text:000004d8 $d
C:\Users\Rhonda\AppData\Local\Temp\ccvNitHn.s:642    .text:000004e0 $t
C:\Users\Rhonda\AppData\Local\Temp\ccvNitHn.s:647    .text:000004e0 vTaskStartScheduler
C:\Users\Rhonda\AppData\Local\Temp\ccvNitHn.s:686    .text:00000528 $d
C:\Users\Rhonda\AppData\Local\Temp\ccvNitHn.s:690    .text:00000534 $t
C:\Users\Rhonda\AppData\Local\Temp\ccvNitHn.s:695    .text:00000534 vTaskEndScheduler
C:\Users\Rhonda\AppData\Local\Temp\ccvNitHn.s:712    .text:00000548 $d
C:\Users\Rhonda\AppData\Local\Temp\ccvNitHn.s:714    .text:0000054c $t
C:\Users\Rhonda\AppData\Local\Temp\ccvNitHn.s:719    .text:0000054c vTaskSuspendAll
C:\Users\Rhonda\AppData\Local\Temp\ccvNitHn.s:731    .text:0000055c $d
C:\Users\Rhonda\AppData\Local\Temp\ccvNitHn.s:733    .text:00000560 $t
C:\Users\Rhonda\AppData\Local\Temp\ccvNitHn.s:738    .text:00000560 xTaskGetTickCount
C:\Users\Rhonda\AppData\Local\Temp\ccvNitHn.s:751    .text:00000574 $d
C:\Users\Rhonda\AppData\Local\Temp\ccvNitHn.s:753    .text:00000578 $t
C:\Users\Rhonda\AppData\Local\Temp\ccvNitHn.s:758    .text:00000578 xTaskGetTickCountFromISR
C:\Users\Rhonda\AppData\Local\Temp\ccvNitHn.s:781    .text:00000590 $d
C:\Users\Rhonda\AppData\Local\Temp\ccvNitHn.s:783    .text:00000594 $t
C:\Users\Rhonda\AppData\Local\Temp\ccvNitHn.s:788    .text:00000594 uxTaskGetNumberOfTasks
C:\Users\Rhonda\AppData\Local\Temp\ccvNitHn.s:798    .text:0000059c $d
C:\Users\Rhonda\AppData\Local\Temp\ccvNitHn.s:800    .text:000005a0 $t
C:\Users\Rhonda\AppData\Local\Temp\ccvNitHn.s:805    .text:000005a0 vTaskStartTrace
C:\Users\Rhonda\AppData\Local\Temp\ccvNitHn.s:825    .text:000005cc $d
C:\Users\Rhonda\AppData\Local\Temp\ccvNitHn.s:827    .text:000005d0 $t
C:\Users\Rhonda\AppData\Local\Temp\ccvNitHn.s:832    .text:000005d0 ulTaskEndTrace
C:\Users\Rhonda\AppData\Local\Temp\ccvNitHn.s:848    .text:000005f0 $d
C:\Users\Rhonda\AppData\Local\Temp\ccvNitHn.s:850    .text:000005f4 $t
C:\Users\Rhonda\AppData\Local\Temp\ccvNitHn.s:855    .text:000005f4 vTaskIncrementTick
C:\Users\Rhonda\AppData\Local\Temp\ccvNitHn.s:943    .text:000006b0 $d
C:\Users\Rhonda\AppData\Local\Temp\ccvNitHn.s:946    .text:000006b8 $t
C:\Users\Rhonda\AppData\Local\Temp\ccvNitHn.s:951    .text:000006b8 xTaskResumeAll
C:\Users\Rhonda\AppData\Local\Temp\ccvNitHn.s:1034   .text:00000774 $d
C:\Users\Rhonda\AppData\Local\Temp\ccvNitHn.s:1036   .text:00000778 $t
C:\Users\Rhonda\AppData\Local\Temp\ccvNitHn.s:1041   .text:00000778 vTaskGetRunTimeStats
C:\Users\Rhonda\AppData\Local\Temp\ccvNitHn.s:1100   .text:000007f4 $d
C:\Users\Rhonda\AppData\Local\Temp\ccvNitHn.s:1102   .text:000007f8 $t
C:\Users\Rhonda\AppData\Local\Temp\ccvNitHn.s:1107   .text:000007f8 vTaskResetRunTimeStats
C:\Users\Rhonda\AppData\Local\Temp\ccvNitHn.s:1155   .text:0000085c $d
C:\Users\Rhonda\AppData\Local\Temp\ccvNitHn.s:1157   .text:00000860 $t
C:\Users\Rhonda\AppData\Local\Temp\ccvNitHn.s:1162   .text:00000860 vTaskList
C:\Users\Rhonda\AppData\Local\Temp\ccvNitHn.s:1225   .text:000008e4 $d
C:\Users\Rhonda\AppData\Local\Temp\ccvNitHn.s:1227   .text:000008e8 $t
C:\Users\Rhonda\AppData\Local\Temp\ccvNitHn.s:1232   .text:000008e8 vTaskDelay
C:\Users\Rhonda\AppData\Local\Temp\ccvNitHn.s:1257   .text:00000918 $d
C:\Users\Rhonda\AppData\Local\Temp\ccvNitHn.s:1259   .text:0000091c $t
C:\Users\Rhonda\AppData\Local\Temp\ccvNitHn.s:1264   .text:0000091c vTaskDelayUntil
C:\Users\Rhonda\AppData\Local\Temp\ccvNitHn.s:1314   .text:00000974 $d
C:\Users\Rhonda\AppData\Local\Temp\ccvNitHn.s:1316   .text:00000978 $t
C:\Users\Rhonda\AppData\Local\Temp\ccvNitHn.s:1321   .text:00000978 vTaskSwitchContext
C:\Users\Rhonda\AppData\Local\Temp\ccvNitHn.s:1431   .text:00000a70 $d
C:\Users\Rhonda\AppData\Local\Temp\ccvNitHn.s:1435   .text:00000a7c $t
C:\Users\Rhonda\AppData\Local\Temp\ccvNitHn.s:1440   .text:00000a7c vTaskSuspend
C:\Users\Rhonda\AppData\Local\Temp\ccvNitHn.s:1490   .text:00000ae0 $d
C:\Users\Rhonda\AppData\Local\Temp\ccvNitHn.s:1492   .text:00000ae4 $t
C:\Users\Rhonda\AppData\Local\Temp\ccvNitHn.s:1497   .text:00000ae4 vTaskPlaceOnEventList
C:\Users\Rhonda\AppData\Local\Temp\ccvNitHn.s:1524   .text:00000b1c $d
C:\Users\Rhonda\AppData\Local\Temp\ccvNitHn.s:1526   .text:00000b20 $t
C:\Users\Rhonda\AppData\Local\Temp\ccvNitHn.s:1531   .text:00000b20 vTaskPlaceOnEventListRestricted
C:\Users\Rhonda\AppData\Local\Temp\ccvNitHn.s:1550   .text:00000b44 $d
C:\Users\Rhonda\AppData\Local\Temp\ccvNitHn.s:1552   .text:00000b48 $t
C:\Users\Rhonda\AppData\Local\Temp\ccvNitHn.s:1557   .text:00000b48 xTaskRemoveFromEventList
C:\Users\Rhonda\AppData\Local\Temp\ccvNitHn.s:1596   .text:00000b9c $d
C:\Users\Rhonda\AppData\Local\Temp\ccvNitHn.s:1599   .text:00000ba4 $t
C:\Users\Rhonda\AppData\Local\Temp\ccvNitHn.s:1604   .text:00000ba4 vTaskSetTimeOutState
C:\Users\Rhonda\AppData\Local\Temp\ccvNitHn.s:1617   .text:00000bb4 $d
C:\Users\Rhonda\AppData\Local\Temp\ccvNitHn.s:1619   .text:00000bb8 $t
C:\Users\Rhonda\AppData\Local\Temp\ccvNitHn.s:1624   .text:00000bb8 xTaskCheckForTimeOut
C:\Users\Rhonda\AppData\Local\Temp\ccvNitHn.s:1669   .text:00000c08 $d
C:\Users\Rhonda\AppData\Local\Temp\ccvNitHn.s:1671   .text:00000c0c $t
C:\Users\Rhonda\AppData\Local\Temp\ccvNitHn.s:1676   .text:00000c0c vTaskMissedYield
C:\Users\Rhonda\AppData\Local\Temp\ccvNitHn.s:1687   .text:00000c18 $d
C:\Users\Rhonda\AppData\Local\Temp\ccvNitHn.s:1689   .text:00000c1c $t
C:\Users\Rhonda\AppData\Local\Temp\ccvNitHn.s:1694   .text:00000c1c xTaskGetCurrentTaskHandle
C:\Users\Rhonda\AppData\Local\Temp\ccvNitHn.s:1704   .text:00000c24 $d
C:\Users\Rhonda\AppData\Local\Temp\ccvNitHn.s:1706   .text:00000c28 $t
C:\Users\Rhonda\AppData\Local\Temp\ccvNitHn.s:1711   .text:00000c28 xTaskGetSchedulerState
C:\Users\Rhonda\AppData\Local\Temp\ccvNitHn.s:1728   .text:00000c40 $d
C:\Users\Rhonda\AppData\Local\Temp\ccvNitHn.s:1730   .text:00000c44 $t
C:\Users\Rhonda\AppData\Local\Temp\ccvNitHn.s:1735   .text:00000c44 vTaskPriorityInherit
C:\Users\Rhonda\AppData\Local\Temp\ccvNitHn.s:1781   .text:00000ca4 $d
C:\Users\Rhonda\AppData\Local\Temp\ccvNitHn.s:1784   .text:00000cac $t
C:\Users\Rhonda\AppData\Local\Temp\ccvNitHn.s:1789   .text:00000cac vTaskPriorityDisinherit
C:\Users\Rhonda\AppData\Local\Temp\ccvNitHn.s:1822   .text:00000cf0 $d
C:\Users\Rhonda\AppData\Local\Temp\ccvNitHn.s:1878   .bss:00000000 pxCurrentTCB
C:\Users\Rhonda\AppData\Local\Temp\ccvNitHn.s:1830   .rodata:00000000 ucExpectedStackBytes.3111
C:\Users\Rhonda\AppData\Local\Temp\ccvNitHn.s:1863   .data:00000000 $d
C:\Users\Rhonda\AppData\Local\Temp\ccvNitHn.s:1867   .data:00000000 xNextTaskUnblockTime
C:\Users\Rhonda\AppData\Local\Temp\ccvNitHn.s:1871   .data:00000004 uxPreviousTask
C:\Users\Rhonda\AppData\Local\Temp\ccvNitHn.s:1874   .bss:00000000 $d
C:\Users\Rhonda\AppData\Local\Temp\ccvNitHn.s:1882   .bss:00000004 xTickCount
C:\Users\Rhonda\AppData\Local\Temp\ccvNitHn.s:1886   .bss:00000008 pxOverflowDelayedTaskList
C:\Users\Rhonda\AppData\Local\Temp\ccvNitHn.s:1890   .bss:0000000c pxDelayedTaskList
C:\Users\Rhonda\AppData\Local\Temp\ccvNitHn.s:1894   .bss:00000010 uxCurrentNumberOfTasks
C:\Users\Rhonda\AppData\Local\Temp\ccvNitHn.s:1898   .bss:00000014 pxReadyTasksLists
C:\Users\Rhonda\AppData\Local\Temp\ccvNitHn.s:1902   .bss:00000064 xDelayedTaskList1
C:\Users\Rhonda\AppData\Local\Temp\ccvNitHn.s:1906   .bss:00000078 xDelayedTaskList2
C:\Users\Rhonda\AppData\Local\Temp\ccvNitHn.s:1910   .bss:0000008c xPendingReadyList
C:\Users\Rhonda\AppData\Local\Temp\ccvNitHn.s:1914   .bss:000000a0 xSuspendedTaskList
C:\Users\Rhonda\AppData\Local\Temp\ccvNitHn.s:1918   .bss:000000b4 xSchedulerRunning
C:\Users\Rhonda\AppData\Local\Temp\ccvNitHn.s:1922   .bss:000000b8 uxTopUsedPriority
C:\Users\Rhonda\AppData\Local\Temp\ccvNitHn.s:1926   .bss:000000bc uxTaskNumber
C:\Users\Rhonda\AppData\Local\Temp\ccvNitHn.s:1930   .bss:000000c0 uxTopReadyPriority
C:\Users\Rhonda\AppData\Local\Temp\ccvNitHn.s:1934   .bss:000000c4 uxSchedulerSuspended
C:\Users\Rhonda\AppData\Local\Temp\ccvNitHn.s:1938   .bss:000000c8 pcTraceBuffer
C:\Users\Rhonda\AppData\Local\Temp\ccvNitHn.s:1942   .bss:000000cc pcTraceBufferStart
C:\Users\Rhonda\AppData\Local\Temp\ccvNitHn.s:1946   .bss:000000d0 pcTraceBufferEnd
C:\Users\Rhonda\AppData\Local\Temp\ccvNitHn.s:1950   .bss:000000d4 xTracing
C:\Users\Rhonda\AppData\Local\Temp\ccvNitHn.s:1954   .bss:000000d8 xNumOfOverflows
C:\Users\Rhonda\AppData\Local\Temp\ccvNitHn.s:1958   .bss:000000dc uxMissedTicks
C:\Users\Rhonda\AppData\Local\Temp\ccvNitHn.s:1962   .bss:000000e0 xMissedYield
C:\Users\Rhonda\AppData\Local\Temp\ccvNitHn.s:1966   .bss:000000e4 ulTaskSwitchedInTime

UNDEFINED SYMBOLS
strlen
sprintf
vApplicationIdleHook
vListInsert
pvPortMalloc
vPortFree
memset
strncpy
vListInitialiseItem
pxPortInitialiseStack
vPortEnterCritical
vListInitialise
vListInsertEnd
vPortExitCritical
vPortYieldFromISR
vListRemove
xTimerCreateTimerTask
vConfigureTimerForRunTimeStats
xPortStartScheduler
vPortEndScheduler
uxGetTimerForRunTimeStats
resetRunTimeCounter
vApplicationStackOverflowHook
memcmp
