   1              		.syntax unified
   2              		.cpu cortex-m3
   3              		.fpu softvfp
   4              		.eabi_attribute 20, 1
   5              		.eabi_attribute 21, 1
   6              		.eabi_attribute 23, 3
   7              		.eabi_attribute 24, 1
   8              		.eabi_attribute 25, 1
   9              		.eabi_attribute 26, 1
  10              		.eabi_attribute 30, 4
  11              		.eabi_attribute 18, 4
  12              		.thumb
  13              		.file	"port.c"
  14              		.text
  15              		.align	1
  16              		.global	pxPortInitialiseStack
  17              		.thumb
  18              		.thumb_func
  20              	pxPortInitialiseStack:
  21              		@ args = 0, pretend = 0, frame = 0
  22              		@ frame_needed = 0, uses_anonymous_args = 0
  23              		@ link register save eliminated.
  24 0000 4FF08073 		mov	r3, #16777216
  25 0004 00E90A00 		stmdb	r0, {r1, r3}
  26 0008 0023     		movs	r3, #0
  27 000a 40F80C3C 		str	r3, [r0, #-12]
  28 000e 40F8202C 		str	r2, [r0, #-32]
  29 0012 4038     		subs	r0, r0, #64
  30 0014 7047     		bx	lr
  32              		.align	1
  33              		.global	vPortSVCHandler
  34              		.thumb
  35              		.thumb_func
  37              	vPortSVCHandler:
  38              		@ Naked Function: prologue and epilogue provided by programmer.
  39              		@ args = 0, pretend = 0, frame = 0
  40              		@ frame_needed = 0, uses_anonymous_args = 0
  41              	@ 134 "../L1_FreeRTOS/portable/port.c" 1
  42 0016 074B     			ldr	r3, pxCurrentTCBConst2		
  43 0018 1968     		ldr r1, [r3]					
  44 001a 0868     		ldr r0, [r1]					
  45 001c B0E8F00F 		ldmia r0!, {r4-r11}				
  46 0020 80F30988 		msr psp, r0						
  47 0024 4FF00000 		mov r0, #0 						
  48 0028 80F31188 		msr	basepri, r0					
  49 002c 4EF00D0E 		orr r14, #0xd					
  50 0030 7047     		bx r14							
  51              										
  52 0032 00BF     		.align 2						
  53 0034 00000000 	pxCurrentTCBConst2: .word pxCurrentTCB				
  54              	
  55              	@ 0 "" 2
  56              		.thumb
  58              		.align	1
  59              		.global	vPortStartFirstTask
  60              		.thumb
  61              		.thumb_func
  63              	vPortStartFirstTask:
  64              		@ Naked Function: prologue and epilogue provided by programmer.
  65              		@ args = 0, pretend = 0, frame = 0
  66              		@ frame_needed = 0, uses_anonymous_args = 0
  67              	@ 153 "../L1_FreeRTOS/portable/port.c" 1
  68 0038 5048     		 ldr r0, =0xE000ED08 	
  69 003a 0068     	 ldr r0, [r0] 			
  70 003c 0068     	 ldr r0, [r0] 			
  71 003e 80F30888 	 msr msp, r0			
  72 0042 62B6     	 cpsie i				
  73 0044 00DF     	 svc 0					
  74 0046 00BF     	 nop					
  75              	
  76              	@ 0 "" 2
  77              		.thumb
  79              		.align	1
  80              		.global	xPortStartScheduler
  81              		.thumb
  82              		.thumb_func
  84              	xPortStartScheduler:
  85              		@ args = 0, pretend = 0, frame = 0
  86              		@ frame_needed = 0, uses_anonymous_args = 0
  87 0048 0B4B     		ldr	r3, .L5
  88 004a 10B5     		push	{r4, lr}
  89 004c 1A68     		ldr	r2, [r3, #0]
  90 004e 0024     		movs	r4, #0
  91 0050 42F47802 		orr	r2, r2, #16252928
  92 0054 1A60     		str	r2, [r3, #0]
  93 0056 1A68     		ldr	r2, [r3, #0]
  94 0058 42F07842 		orr	r2, r2, #-134217728
  95 005c 1A60     		str	r2, [r3, #0]
  96 005e 074B     		ldr	r3, .L5+4
  97 0060 4BF67F32 		movw	r2, #47999
  98 0064 1A60     		str	r2, [r3, #0]
  99 0066 0722     		movs	r2, #7
 100 0068 43F8042C 		str	r2, [r3, #-4]
 101 006c 044B     		ldr	r3, .L5+8
 102 006e 1C60     		str	r4, [r3, #0]
 103 0070 FFF7FEFF 		bl	vPortStartFirstTask
 104 0074 2046     		mov	r0, r4
 105 0076 10BD     		pop	{r4, pc}
 106              	.L6:
 107              		.align	2
 108              	.L5:
 109 0078 20ED00E0 		.word	-536810208
 110 007c 14E000E0 		.word	-536813548
 111 0080 00000000 		.word	.LANCHOR0
 113              		.align	1
 114              		.global	vPortEndScheduler
 115              		.thumb
 116              		.thumb_func
 118              	vPortEndScheduler:
 119              		@ args = 0, pretend = 0, frame = 0
 120              		@ frame_needed = 0, uses_anonymous_args = 0
 121              		@ link register save eliminated.
 122 0084 7047     		bx	lr
 124              		.align	1
 125              		.global	vPortYieldFromISR
 126              		.thumb
 127              		.thumb_func
 129              	vPortYieldFromISR:
 130              		@ args = 0, pretend = 0, frame = 0
 131              		@ frame_needed = 0, uses_anonymous_args = 0
 132              		@ link register save eliminated.
 133 0086 024B     		ldr	r3, .L9
 134 0088 4FF08052 		mov	r2, #268435456
 135 008c 1A60     		str	r2, [r3, #0]
 136 008e 7047     		bx	lr
 137              	.L10:
 138              		.align	2
 139              	.L9:
 140 0090 04ED00E0 		.word	-536810236
 142              		.align	1
 143              		.global	vPortEnterCritical
 144              		.thumb
 145              		.thumb_func
 147              	vPortEnterCritical:
 148              		@ args = 0, pretend = 0, frame = 0
 149              		@ frame_needed = 0, uses_anonymous_args = 0
 150              		@ link register save eliminated.
 151              	@ 205 "../L1_FreeRTOS/portable/port.c" 1
 152 0094 4FF02800 			mov r0, #40								
 153 0098 80F31188 		msr basepri, r0							
 154              	
 155              	@ 0 "" 2
 156              		.thumb
 157 009c 024B     		ldr	r3, .L12
 158 009e 1A68     		ldr	r2, [r3, #0]
 159 00a0 0132     		adds	r2, r2, #1
 160 00a2 1A60     		str	r2, [r3, #0]
 161 00a4 7047     		bx	lr
 162              	.L13:
 163 00a6 00BF     		.align	2
 164              	.L12:
 165 00a8 00000000 		.word	.LANCHOR0
 167              		.align	1
 168              		.global	vPortExitCritical
 169              		.thumb
 170              		.thumb_func
 172              	vPortExitCritical:
 173              		@ args = 0, pretend = 0, frame = 0
 174              		@ frame_needed = 0, uses_anonymous_args = 0
 175              		@ link register save eliminated.
 176 00ac 044A     		ldr	r2, .L16
 177 00ae 1368     		ldr	r3, [r2, #0]
 178 00b0 013B     		subs	r3, r3, #1
 179 00b2 1360     		str	r3, [r2, #0]
 180 00b4 1BB9     		cbnz	r3, .L14
 181              	@ 215 "../L1_FreeRTOS/portable/port.c" 1
 182 00b6 4FF00000 			mov r0, #0					
 183 00ba 80F31188 		msr basepri, r0				
 184              	
 185              	@ 0 "" 2
 186              		.thumb
 187              	.L14:
 188 00be 7047     		bx	lr
 189              	.L17:
 190              		.align	2
 191              	.L16:
 192 00c0 00000000 		.word	.LANCHOR0
 194              		.align	1
 195              		.global	xPortPendSVHandler
 196              		.thumb
 197              		.thumb_func
 199              	xPortPendSVHandler:
 200              		@ Naked Function: prologue and epilogue provided by programmer.
 201              		@ args = 0, pretend = 0, frame = 0
 202              		@ frame_needed = 0, uses_anonymous_args = 0
 203              	@ 224 "../L1_FreeRTOS/portable/port.c" 1
 204 00c4 EFF30980 			mrs r0, psp							
 205              											
 206 00c8 0C4B     		ldr	r3, pxCurrentTCBConst			
 207 00ca 1A68     		ldr	r2, [r3]						
 208              											
 209 00cc 20E9F00F 		stmdb r0!, {r4-r11}					
 210 00d0 1060     		str r0, [r2]						
 211              											
 212 00d2 2DE90840 		stmdb sp!, {r3, r14}				
 213 00d6 4FF02800 		mov r0, #40							
 214 00da 80F31188 		msr basepri, r0						
 215 00de FFF7FEFF 		bl vTaskSwitchContext				
 216 00e2 4FF00000 		mov r0, #0							
 217 00e6 80F31188 		msr basepri, r0						
 218 00ea BDE80840 		ldmia sp!, {r3, r14}				
 219              											
 220 00ee 1968     		ldr r1, [r3]						
 221 00f0 0868     		ldr r0, [r1]						
 222 00f2 B0E8F00F 		ldmia r0!, {r4-r11}					
 223 00f6 80F30988 		msr psp, r0							
 224 00fa 7047     		bx r14								
 225              											
 226              		.align 2							
 227 00fc 00000000 	pxCurrentTCBConst: .word pxCurrentTCB	
 228              	
 229              	@ 0 "" 2
 230              		.thumb
 232              		.align	1
 233              		.global	xPortSysTickHandler
 234              		.thumb
 235              		.thumb_func
 237              	xPortSysTickHandler:
 238              		@ args = 0, pretend = 0, frame = 0
 239              		@ frame_needed = 0, uses_anonymous_args = 0
 240 0100 08B5     		push	{r3, lr}
 241 0102 074B     		ldr	r3, .L20
 242 0104 4FF08052 		mov	r2, #268435456
 243 0108 1A60     		str	r2, [r3, #0]
 244              	@ 264 "../L1_FreeRTOS/portable/port.c" 1
 245 010a 4FF02800 			mov r0, #40								
 246 010e 80F31188 		msr basepri, r0							
 247              	
 248              	@ 0 "" 2
 249              		.thumb
 250 0112 FFF7FEFF 		bl	vTaskIncrementTick
 251              	@ 268 "../L1_FreeRTOS/portable/port.c" 1
 252 0116 4FF00000 			mov r0, #0					
 253 011a 80F31188 		msr basepri, r0				
 254              	
 255              	@ 0 "" 2
 256              		.thumb
 257 011e 08BD     		pop	{r3, pc}
 258              	.L21:
 259              		.align	2
 260              	.L20:
 261 0120 04ED00E0 		.word	-536810236
 263              		.align	1
 264              		.global	vConfigureTimerForRunTimeStats
 265              		.thumb
 266              		.thumb_func
 268              	vConfigureTimerForRunTimeStats:
 269              		@ args = 0, pretend = 0, frame = 0
 270              		@ frame_needed = 0, uses_anonymous_args = 0
 271 0124 10B5     		push	{r4, lr}
 272 0126 0123     		movs	r3, #1
 273 0128 4FF04024 		mov	r4, #1073758208
 274 012c 6360     		str	r3, [r4, #4]
 275 012e 0023     		movs	r3, #0
 276 0130 2367     		str	r3, [r4, #112]
 277 0132 0B4B     		ldr	r3, .L23
 278 0134 D3F8A821 		ldr	r2, [r3, #424]
 279 0138 22F00C02 		bic	r2, r2, #12
 280 013c C3F8A821 		str	r2, [r3, #424]
 281 0140 D3F8A821 		ldr	r2, [r3, #424]
 282 0144 42F00402 		orr	r2, r2, #4
 283 0148 C3F8A821 		str	r2, [r3, #424]
 284 014c FFF7FEFF 		bl	getCpuClock
 285 0150 0A23     		movs	r3, #10
 286 0152 5843     		muls	r0, r3, r0
 287 0154 034B     		ldr	r3, .L23+4
 288 0156 B0FBF3F0 		udiv	r0, r0, r3
 289 015a E060     		str	r0, [r4, #12]
 290 015c 10BD     		pop	{r4, pc}
 291              	.L24:
 292 015e 00BF     		.align	2
 293              	.L23:
 294 0160 00C00F40 		.word	1074774016
 295 0164 40420F00 		.word	1000000
 297              		.align	1
 298              		.global	uxGetTimerForRunTimeStats
 299              		.thumb
 300              		.thumb_func
 302              	uxGetTimerForRunTimeStats:
 303              		@ args = 0, pretend = 0, frame = 0
 304              		@ frame_needed = 0, uses_anonymous_args = 0
 305              		@ link register save eliminated.
 306 0168 4FF04023 		mov	r3, #1073758208
 307 016c 9868     		ldr	r0, [r3, #8]
 308 016e 7047     		bx	lr
 310              		.align	1
 311              		.global	resetRunTimeCounter
 312              		.thumb
 313              		.thumb_func
 315              	resetRunTimeCounter:
 316              		@ args = 0, pretend = 0, frame = 0
 317              		@ frame_needed = 0, uses_anonymous_args = 0
 318              		@ link register save eliminated.
 319 0170 0022     		movs	r2, #0
 320 0172 4FF04023 		mov	r3, #1073758208
 321 0176 9A60     		str	r2, [r3, #8]
 322 0178 7047     		bx	lr
 324              		.global	ulKernelPriority
 325 017a 0000     		.section	.rodata
 326              		.align	2
 329              	ulKernelPriority:
 330 0000 F8000000 		.word	248
 331              		.data
 332              		.align	2
 333              		.set	.LANCHOR0,. + 0
 336              	uxCriticalNesting:
 337 0000 AAAAAAAA 		.word	-1431655766
 338              		.ident	"GCC: (GNU) 4.6.2"
DEFINED SYMBOLS
                            *ABS*:00000000 port.c
C:\Users\Rhonda\AppData\Local\Temp\cc37bvMW.s:15     .text:00000000 $t
C:\Users\Rhonda\AppData\Local\Temp\cc37bvMW.s:20     .text:00000000 pxPortInitialiseStack
C:\Users\Rhonda\AppData\Local\Temp\cc37bvMW.s:37     .text:00000016 vPortSVCHandler
C:\Users\Rhonda\AppData\Local\Temp\cc37bvMW.s:53     .text:00000034 pxCurrentTCBConst2
C:\Users\Rhonda\AppData\Local\Temp\cc37bvMW.s:53     .text:00000034 $d
C:\Users\Rhonda\AppData\Local\Temp\cc37bvMW.s:58     .text:00000038 $t
C:\Users\Rhonda\AppData\Local\Temp\cc37bvMW.s:63     .text:00000038 vPortStartFirstTask
C:\Users\Rhonda\AppData\Local\Temp\cc37bvMW.s:84     .text:00000048 xPortStartScheduler
C:\Users\Rhonda\AppData\Local\Temp\cc37bvMW.s:109    .text:00000078 $d
C:\Users\Rhonda\AppData\Local\Temp\cc37bvMW.s:113    .text:00000084 $t
C:\Users\Rhonda\AppData\Local\Temp\cc37bvMW.s:118    .text:00000084 vPortEndScheduler
C:\Users\Rhonda\AppData\Local\Temp\cc37bvMW.s:129    .text:00000086 vPortYieldFromISR
C:\Users\Rhonda\AppData\Local\Temp\cc37bvMW.s:140    .text:00000090 $d
C:\Users\Rhonda\AppData\Local\Temp\cc37bvMW.s:142    .text:00000094 $t
C:\Users\Rhonda\AppData\Local\Temp\cc37bvMW.s:147    .text:00000094 vPortEnterCritical
C:\Users\Rhonda\AppData\Local\Temp\cc37bvMW.s:165    .text:000000a8 $d
C:\Users\Rhonda\AppData\Local\Temp\cc37bvMW.s:167    .text:000000ac $t
C:\Users\Rhonda\AppData\Local\Temp\cc37bvMW.s:172    .text:000000ac vPortExitCritical
C:\Users\Rhonda\AppData\Local\Temp\cc37bvMW.s:192    .text:000000c0 $d
C:\Users\Rhonda\AppData\Local\Temp\cc37bvMW.s:194    .text:000000c4 $t
C:\Users\Rhonda\AppData\Local\Temp\cc37bvMW.s:199    .text:000000c4 xPortPendSVHandler
C:\Users\Rhonda\AppData\Local\Temp\cc37bvMW.s:227    .text:000000fc pxCurrentTCBConst
C:\Users\Rhonda\AppData\Local\Temp\cc37bvMW.s:227    .text:000000fc $d
C:\Users\Rhonda\AppData\Local\Temp\cc37bvMW.s:232    .text:00000100 $t
C:\Users\Rhonda\AppData\Local\Temp\cc37bvMW.s:237    .text:00000100 xPortSysTickHandler
C:\Users\Rhonda\AppData\Local\Temp\cc37bvMW.s:261    .text:00000120 $d
C:\Users\Rhonda\AppData\Local\Temp\cc37bvMW.s:263    .text:00000124 $t
C:\Users\Rhonda\AppData\Local\Temp\cc37bvMW.s:268    .text:00000124 vConfigureTimerForRunTimeStats
C:\Users\Rhonda\AppData\Local\Temp\cc37bvMW.s:294    .text:00000160 $d
C:\Users\Rhonda\AppData\Local\Temp\cc37bvMW.s:297    .text:00000168 $t
C:\Users\Rhonda\AppData\Local\Temp\cc37bvMW.s:302    .text:00000168 uxGetTimerForRunTimeStats
C:\Users\Rhonda\AppData\Local\Temp\cc37bvMW.s:315    .text:00000170 resetRunTimeCounter
C:\Users\Rhonda\AppData\Local\Temp\cc37bvMW.s:329    .rodata:00000000 ulKernelPriority
C:\Users\Rhonda\AppData\Local\Temp\cc37bvMW.s:326    .rodata:00000000 $d
C:\Users\Rhonda\AppData\Local\Temp\cc37bvMW.s:332    .data:00000000 $d
C:\Users\Rhonda\AppData\Local\Temp\cc37bvMW.s:336    .data:00000000 uxCriticalNesting
C:\Users\Rhonda\AppData\Local\Temp\cc37bvMW.s:325    .text:0000017a $d

UNDEFINED SYMBOLS
pxCurrentTCB
vTaskSwitchContext
vTaskIncrementTick
getCpuClock
