   1              		.syntax unified
   2              		.cpu cortex-m3
   3              		.fpu softvfp
   4              		.eabi_attribute 20, 1
   5              		.eabi_attribute 21, 1
   6              		.eabi_attribute 23, 3
   7              		.eabi_attribute 24, 1
   8              		.eabi_attribute 25, 1
   9              		.eabi_attribute 26, 1
  10              		.eabi_attribute 30, 4
  11              		.eabi_attribute 18, 4
  12              		.thumb
  13              		.file	"io_functions.c"
  14              		.text
  15              		.align	1
  16              		.global	printMessageUponCriticalSystemError
  17              		.thumb
  18              		.thumb_func
  20              	printMessageUponCriticalSystemError:
  21              		@ args = 0, pretend = 0, frame = 0
  22              		@ frame_needed = 0, uses_anonymous_args = 0
  23              		@ link register save eliminated.
  24 0000 024A     		ldr	r2, .L2
  25 0002 034B     		ldr	r3, .L2+4
  26 0004 1A60     		str	r2, [r3, #0]
  27 0006 FFF7FEBF 		b	uart0Puts
  28              	.L3:
  29 000a 00BF     		.align	2
  30              	.L2:
  31 000c 00000000 		.word	uart0Putchar
  32 0010 00000000 		.word	.LANCHOR0
  34              		.align	1
  35              		.global	stdio_SetOutputCharFunction
  36              		.thumb
  37              		.thumb_func
  39              	stdio_SetOutputCharFunction:
  40              		@ args = 0, pretend = 0, frame = 0
  41              		@ frame_needed = 0, uses_anonymous_args = 0
  42              		@ link register save eliminated.
  43 0014 014B     		ldr	r3, .L5
  44 0016 1860     		str	r0, [r3, #0]
  45 0018 7047     		bx	lr
  46              	.L6:
  47 001a 00BF     		.align	2
  48              	.L5:
  49 001c 00000000 		.word	.LANCHOR0
  51              		.align	1
  52              		.global	stdio_SetInputCharFunction
  53              		.thumb
  54              		.thumb_func
  56              	stdio_SetInputCharFunction:
  57              		@ args = 0, pretend = 0, frame = 0
  58              		@ frame_needed = 0, uses_anonymous_args = 0
  59              		@ link register save eliminated.
  60 0020 014B     		ldr	r3, .L8
  61 0022 5860     		str	r0, [r3, #4]
  62 0024 7047     		bx	lr
  63              	.L9:
  64 0026 00BF     		.align	2
  65              	.L8:
  66 0028 00000000 		.word	.LANCHOR0
  68              		.align	1
  69              		.global	_read
  70              		.thumb
  71              		.thumb_func
  73              	_read:
  74              		@ args = 0, pretend = 0, frame = 0
  75              		@ frame_needed = 0, uses_anonymous_args = 0
  76 002c 044B     		ldr	r3, .L12
  77 002e 10B5     		push	{r4, lr}
  78 0030 5B68     		ldr	r3, [r3, #4]
  79 0032 0C46     		mov	r4, r1
  80 0034 13B1     		cbz	r3, .L11
  81 0036 0020     		movs	r0, #0
  82 0038 9847     		blx	r3
  83 003a 2070     		strb	r0, [r4, #0]
  84              	.L11:
  85 003c 0120     		movs	r0, #1
  86 003e 10BD     		pop	{r4, pc}
  87              	.L13:
  88              		.align	2
  89              	.L12:
  90 0040 00000000 		.word	.LANCHOR0
  92              		.align	1
  93              		.global	_write
  94              		.thumb
  95              		.thumb_func
  97              	_write:
  98              		@ args = 0, pretend = 0, frame = 0
  99              		@ frame_needed = 0, uses_anonymous_args = 0
 100 0044 F8B5     		push	{r3, r4, r5, r6, r7, lr}
 101 0046 074F     		ldr	r7, .L18
 102 0048 0C46     		mov	r4, r1
 103 004a 3B68     		ldr	r3, [r7, #0]
 104 004c 1646     		mov	r6, r2
 105 004e 3BB1     		cbz	r3, .L15
 106 0050 0025     		movs	r5, #0
 107 0052 03E0     		b	.L16
 108              	.L17:
 109 0054 605D     		ldrb	r0, [r4, r5]	@ zero_extendqisi2
 110 0056 3B68     		ldr	r3, [r7, #0]
 111 0058 9847     		blx	r3
 112 005a 0135     		adds	r5, r5, #1
 113              	.L16:
 114 005c B542     		cmp	r5, r6
 115 005e F9D1     		bne	.L17
 116              	.L15:
 117 0060 3046     		mov	r0, r6
 118 0062 F8BD     		pop	{r3, r4, r5, r6, r7, pc}
 119              	.L19:
 120              		.align	2
 121              	.L18:
 122 0064 00000000 		.word	.LANCHOR0
 124              		.align	1
 125              		.thumb
 126              		.thumb_func
 128              	printchar:
 129              		@ args = 0, pretend = 0, frame = 8
 130              		@ frame_needed = 0, uses_anonymous_args = 0
 131 0068 07B5     		push	{r0, r1, r2, lr}
 132 006a 0191     		str	r1, [sp, #4]
 133 006c 28B1     		cbz	r0, .L21
 134 006e 0368     		ldr	r3, [r0, #0]
 135 0070 1970     		strb	r1, [r3, #0]
 136 0072 0368     		ldr	r3, [r0, #0]
 137 0074 0133     		adds	r3, r3, #1
 138 0076 0360     		str	r3, [r0, #0]
 139 0078 03E0     		b	.L20
 140              	.L21:
 141 007a 01A9     		add	r1, sp, #4
 142 007c 0122     		movs	r2, #1
 143 007e FFF7FEFF 		bl	_write
 144              	.L20:
 145 0082 0EBD     		pop	{r1, r2, r3, pc}
 147              		.align	1
 148              		.thumb
 149              		.thumb_func
 151              	prints:
 152              		@ args = 0, pretend = 0, frame = 0
 153              		@ frame_needed = 0, uses_anonymous_args = 0
 154 0084 002A     		cmp	r2, #0
 155 0086 2DE9F041 		push	{r4, r5, r6, r7, r8, lr}
 156 008a 0446     		mov	r4, r0
 157 008c 0D46     		mov	r5, r1
 158 008e 1646     		mov	r6, r2
 159 0090 D8BF     		it	le
 160 0092 4FF02008 		movle	r8, #32
 161 0096 02DC     		bgt	.L39
 162 0098 11E0     		b	.L25
 163              	.L26:
 164 009a 0132     		adds	r2, r2, #1
 165 009c 00E0     		b	.L24
 166              	.L39:
 167 009e 0022     		movs	r2, #0
 168              	.L24:
 169 00a0 A95C     		ldrb	r1, [r5, r2]	@ zero_extendqisi2
 170 00a2 0029     		cmp	r1, #0
 171 00a4 F9D1     		bne	.L26
 172 00a6 B242     		cmp	r2, r6
 173 00a8 B4BF     		ite	lt
 174 00aa C2EB0606 		rsblt	r6, r2, r6
 175 00ae 0E46     		movge	r6, r1
 176 00b0 13F0020F 		tst	r3, #2
 177 00b4 0CBF     		ite	eq
 178 00b6 4FF02008 		moveq	r8, #32
 179 00ba 4FF03008 		movne	r8, #48
 180              	.L25:
 181 00be DB07     		lsls	r3, r3, #31
 182 00c0 58BF     		it	pl
 183 00c2 3746     		movpl	r7, r6
 184 00c4 05D5     		bpl	.L29
 185 00c6 0AE0     		b	.L40
 186              	.L30:
 187 00c8 2046     		mov	r0, r4
 188 00ca 4146     		mov	r1, r8
 189 00cc FFF7CCFF 		bl	printchar
 190 00d0 013F     		subs	r7, r7, #1
 191              	.L29:
 192 00d2 002F     		cmp	r7, #0
 193 00d4 F8DC     		bgt	.L30
 194 00d6 26EAE677 		bic	r7, r6, r6, asr #31
 195 00da F61B     		subs	r6, r6, r7
 196 00dc 05E0     		b	.L31
 197              	.L40:
 198 00de 0027     		movs	r7, #0
 199 00e0 03E0     		b	.L31
 200              	.L32:
 201 00e2 2046     		mov	r0, r4
 202 00e4 FFF7C0FF 		bl	printchar
 203 00e8 0137     		adds	r7, r7, #1
 204              	.L31:
 205 00ea 15F8011B 		ldrb	r1, [r5], #1	@ zero_extendqisi2
 206 00ee 0029     		cmp	r1, #0
 207 00f0 F7D1     		bne	.L32
 208 00f2 3546     		mov	r5, r6
 209 00f4 04E0     		b	.L33
 210              	.L34:
 211 00f6 2046     		mov	r0, r4
 212 00f8 4146     		mov	r1, r8
 213 00fa FFF7B5FF 		bl	printchar
 214 00fe 013D     		subs	r5, r5, #1
 215              	.L33:
 216 0100 002D     		cmp	r5, #0
 217 0102 F8DC     		bgt	.L34
 218 0104 002E     		cmp	r6, #0
 219 0106 ACBF     		ite	ge
 220 0108 B819     		addge	r0, r7, r6
 221 010a 381C     		addlt	r0, r7, #0
 222 010c BDE8F081 		pop	{r4, r5, r6, r7, r8, pc}
 224              		.align	1
 225              		.thumb
 226              		.thumb_func
 228              	printi:
 229              		@ args = 12, pretend = 0, frame = 16
 230              		@ frame_needed = 0, uses_anonymous_args = 0
 231 0110 2DE9FF41 		push	{r0, r1, r2, r3, r4, r5, r6, r7, r8, lr}
 232 0114 0A9F     		ldr	r7, [sp, #40]
 233 0116 0546     		mov	r5, r0
 234 0118 0B9E     		ldr	r6, [sp, #44]
 235 011a 0846     		mov	r0, r1
 236 011c 59B9     		cbnz	r1, .L42
 237 011e 3023     		movs	r3, #48
 238 0120 8DF80430 		strb	r3, [sp, #4]
 239 0124 8DF80510 		strb	r1, [sp, #5]
 240 0128 2846     		mov	r0, r5
 241 012a 01A9     		add	r1, sp, #4
 242 012c 3A46     		mov	r2, r7
 243 012e 3346     		mov	r3, r6
 244 0130 FFF7A8FF 		bl	prints
 245 0134 3DE0     		b	.L43
 246              	.L42:
 247 0136 A2F10A04 		sub	r4, r2, #10
 248 013a 6142     		rsbs	r1, r4, #0
 249 013c 41EB0401 		adc	r1, r1, r4
 250 0140 002B     		cmp	r3, #0
 251 0142 0CBF     		ite	eq
 252 0144 0024     		moveq	r4, #0
 253 0146 01F00104 		andne	r4, r1, #1
 254 014a 24B1     		cbz	r4, .L44
 255 014c 0024     		movs	r4, #0
 256 014e 0028     		cmp	r0, #0
 257 0150 01DA     		bge	.L44
 258 0152 4042     		negs	r0, r0
 259 0154 0124     		movs	r4, #1
 260              	.L44:
 261 0156 0023     		movs	r3, #0
 262 0158 04A9     		add	r1, sp, #16
 263 015a 01F8013D 		strb	r3, [r1, #-1]!
 264 015e 0C9B     		ldr	r3, [sp, #48]
 265 0160 A3F13A0E 		sub	lr, r3, #58
 266 0164 0AE0     		b	.L45
 267              	.L47:
 268 0166 B0FBF2F3 		udiv	r3, r0, r2
 269 016a 02FB1300 		mls	r0, r2, r3, r0
 270 016e 0928     		cmp	r0, #9
 271 0170 C8BF     		it	gt
 272 0172 7044     		addgt	r0, r0, lr
 273 0174 3030     		adds	r0, r0, #48
 274 0176 01F8010D 		strb	r0, [r1, #-1]!
 275 017a 1846     		mov	r0, r3
 276              	.L45:
 277 017c 8846     		mov	r8, r1
 278 017e 0028     		cmp	r0, #0
 279 0180 F1D1     		bne	.L47
 280 0182 7CB1     		cbz	r4, .L48
 281 0184 47B1     		cbz	r7, .L49
 282 0186 B207     		lsls	r2, r6, #30
 283 0188 06D5     		bpl	.L49
 284 018a 2846     		mov	r0, r5
 285 018c 2D21     		movs	r1, #45
 286 018e FFF76BFF 		bl	printchar
 287 0192 013F     		subs	r7, r7, #1
 288 0194 0124     		movs	r4, #1
 289 0196 05E0     		b	.L48
 290              	.L49:
 291 0198 2D23     		movs	r3, #45
 292 019a 01F1FF38 		add	r8, r1, #-1
 293 019e 01F8013C 		strb	r3, [r1, #-1]
 294 01a2 0024     		movs	r4, #0
 295              	.L48:
 296 01a4 2846     		mov	r0, r5
 297 01a6 4146     		mov	r1, r8
 298 01a8 3A46     		mov	r2, r7
 299 01aa 3346     		mov	r3, r6
 300 01ac FFF76AFF 		bl	prints
 301 01b0 2018     		adds	r0, r4, r0
 302              	.L43:
 303 01b2 04B0     		add	sp, sp, #16
 304 01b4 BDE8F081 		pop	{r4, r5, r6, r7, r8, pc}
 306              		.global	__aeabi_d2iz
 307              		.align	1
 308              		.thumb
 309              		.thumb_func
 311              	print:
 312              		@ args = 0, pretend = 0, frame = 16
 313              		@ frame_needed = 0, uses_anonymous_args = 0
 314 01b8 2DE9F04F 		push	{r4, r5, r6, r7, r8, r9, sl, fp, lr}
 315 01bc 89B0     		sub	sp, sp, #36
 316 01be 0546     		mov	r5, r0
 317 01c0 8846     		mov	r8, r1
 318 01c2 0592     		str	r2, [sp, #20]
 319 01c4 0024     		movs	r4, #0
 320 01c6 4FF00A0B 		mov	fp, #10
 321 01ca A7E0     		b	.L54
 322              	.L71:
 323 01cc 252B     		cmp	r3, #37
 324 01ce 40F09D80 		bne	.L55
 325 01d2 98F80120 		ldrb	r2, [r8, #1]	@ zero_extendqisi2
 326 01d6 002A     		cmp	r2, #0
 327 01d8 00F0A580 		beq	.L56
 328 01dc 252A     		cmp	r2, #37
 329 01de 08F10103 		add	r3, r8, #1
 330 01e2 00F09280 		beq	.L73
 331 01e6 0026     		movs	r6, #0
 332 01e8 2D2A     		cmp	r2, #45
 333 01ea 05D1     		bne	.L58
 334 01ec 08F10203 		add	r3, r8, #2
 335 01f0 0126     		movs	r6, #1
 336 01f2 01E0     		b	.L58
 337              	.L59:
 338 01f4 46F00206 		orr	r6, r6, #2
 339              	.L58:
 340 01f8 1A46     		mov	r2, r3
 341 01fa 1178     		ldrb	r1, [r2, #0]	@ zero_extendqisi2
 342 01fc 0133     		adds	r3, r3, #1
 343 01fe 3029     		cmp	r1, #48
 344 0200 F8D0     		beq	.L59
 345 0202 0027     		movs	r7, #0
 346 0204 01E0     		b	.L60
 347              	.L61:
 348 0206 0BFB0717 		mla	r7, fp, r7, r1
 349              	.L60:
 350 020a 1378     		ldrb	r3, [r2, #0]	@ zero_extendqisi2
 351 020c 9046     		mov	r8, r2
 352 020e A3F13001 		sub	r1, r3, #48
 353 0212 C8B2     		uxtb	r0, r1
 354 0214 0928     		cmp	r0, #9
 355 0216 02F10102 		add	r2, r2, #1
 356 021a F4D9     		bls	.L61
 357 021c 732B     		cmp	r3, #115
 358 021e 09D1     		bne	.L62
 359 0220 059B     		ldr	r3, [sp, #20]
 360 0222 2846     		mov	r0, r5
 361 0224 1A1D     		adds	r2, r3, #4
 362 0226 1968     		ldr	r1, [r3, #0]
 363 0228 434B     		ldr	r3, .L82
 364 022a 0592     		str	r2, [sp, #20]
 365 022c 0029     		cmp	r1, #0
 366 022e 08BF     		it	eq
 367 0230 1946     		moveq	r1, r3
 368 0232 65E0     		b	.L76
 369              	.L62:
 370 0234 642B     		cmp	r3, #100
 371 0236 0ED1     		bne	.L65
 372 0238 059B     		ldr	r3, [sp, #20]
 373 023a 0097     		str	r7, [sp, #0]
 374 023c 1A1D     		adds	r2, r3, #4
 375 023e 0592     		str	r2, [sp, #20]
 376 0240 6122     		movs	r2, #97
 377 0242 0292     		str	r2, [sp, #8]
 378 0244 0196     		str	r6, [sp, #4]
 379 0246 1968     		ldr	r1, [r3, #0]
 380 0248 2846     		mov	r0, r5
 381 024a 0A22     		movs	r2, #10
 382 024c 0123     		movs	r3, #1
 383              	.L77:
 384 024e FFF75FFF 		bl	printi
 385              	.L75:
 386 0252 2418     		adds	r4, r4, r0
 387 0254 60E0     		b	.L64
 388              	.L65:
 389 0256 782B     		cmp	r3, #120
 390 0258 06D1     		bne	.L66
 391 025a 059B     		ldr	r3, [sp, #20]
 392 025c 0097     		str	r7, [sp, #0]
 393 025e 1A1D     		adds	r2, r3, #4
 394 0260 0592     		str	r2, [sp, #20]
 395 0262 0196     		str	r6, [sp, #4]
 396 0264 6122     		movs	r2, #97
 397 0266 07E0     		b	.L79
 398              	.L66:
 399 0268 582B     		cmp	r3, #88
 400 026a 0AD1     		bne	.L67
 401 026c 059B     		ldr	r3, [sp, #20]
 402 026e 0097     		str	r7, [sp, #0]
 403 0270 1A1D     		adds	r2, r3, #4
 404 0272 0592     		str	r2, [sp, #20]
 405 0274 0196     		str	r6, [sp, #4]
 406 0276 4122     		movs	r2, #65
 407              	.L79:
 408 0278 0292     		str	r2, [sp, #8]
 409 027a 2846     		mov	r0, r5
 410 027c 1968     		ldr	r1, [r3, #0]
 411 027e 1022     		movs	r2, #16
 412 0280 0BE0     		b	.L78
 413              	.L67:
 414 0282 692B     		cmp	r3, #105
 415 0284 0BD1     		bne	.L68
 416              	.L80:
 417 0286 059B     		ldr	r3, [sp, #20]
 418 0288 0097     		str	r7, [sp, #0]
 419 028a 1A1D     		adds	r2, r3, #4
 420 028c 0592     		str	r2, [sp, #20]
 421 028e 6122     		movs	r2, #97
 422 0290 0196     		str	r6, [sp, #4]
 423 0292 0292     		str	r2, [sp, #8]
 424 0294 1968     		ldr	r1, [r3, #0]
 425 0296 2846     		mov	r0, r5
 426              	.L81:
 427 0298 0A22     		movs	r2, #10
 428              	.L78:
 429 029a 0023     		movs	r3, #0
 430 029c D7E7     		b	.L77
 431              	.L68:
 432 029e 752B     		cmp	r3, #117
 433 02a0 F1D0     		beq	.L80
 434              	.L69:
 435 02a2 662B     		cmp	r3, #102
 436 02a4 1FD1     		bne	.L70
 437 02a6 059B     		ldr	r3, [sp, #20]
 438 02a8 4FF06109 		mov	r9, #97
 439 02ac 0733     		adds	r3, r3, #7
 440 02ae 23F00703 		bic	r3, r3, #7
 441 02b2 D3E90001 		ldrd	r0, [r3]
 442 02b6 03F10802 		add	r2, r3, #8
 443 02ba 0592     		str	r2, [sp, #20]
 444 02bc FFF7FEFF 		bl	__aeabi_d2iz
 445 02c0 8246     		mov	sl, r0
 446 02c2 5146     		mov	r1, sl
 447 02c4 2846     		mov	r0, r5
 448 02c6 0A22     		movs	r2, #10
 449 02c8 0023     		movs	r3, #0
 450 02ca 0097     		str	r7, [sp, #0]
 451 02cc 0196     		str	r6, [sp, #4]
 452 02ce CDF80890 		str	r9, [sp, #8]
 453 02d2 FFF71DFF 		bl	printi
 454 02d6 0097     		str	r7, [sp, #0]
 455 02d8 2418     		adds	r4, r4, r0
 456 02da 0196     		str	r6, [sp, #4]
 457 02dc CDF80890 		str	r9, [sp, #8]
 458 02e0 2846     		mov	r0, r5
 459 02e2 5146     		mov	r1, sl
 460 02e4 D8E7     		b	.L81
 461              	.L70:
 462 02e6 632B     		cmp	r3, #99
 463 02e8 16D1     		bne	.L64
 464 02ea 059B     		ldr	r3, [sp, #20]
 465 02ec 2846     		mov	r0, r5
 466 02ee 1A1D     		adds	r2, r3, #4
 467 02f0 1B68     		ldr	r3, [r3, #0]
 468 02f2 0592     		str	r2, [sp, #20]
 469 02f4 8DF81C30 		strb	r3, [sp, #28]
 470 02f8 0023     		movs	r3, #0
 471 02fa 8DF81D30 		strb	r3, [sp, #29]
 472 02fe 07A9     		add	r1, sp, #28
 473              	.L76:
 474 0300 3A46     		mov	r2, r7
 475 0302 3346     		mov	r3, r6
 476 0304 FFF7BEFE 		bl	prints
 477 0308 A3E7     		b	.L75
 478              	.L73:
 479 030a 9846     		mov	r8, r3
 480              	.L55:
 481 030c 98F80010 		ldrb	r1, [r8, #0]	@ zero_extendqisi2
 482 0310 2846     		mov	r0, r5
 483 0312 FFF7A9FE 		bl	printchar
 484 0316 0134     		adds	r4, r4, #1
 485              	.L64:
 486 0318 08F10108 		add	r8, r8, #1
 487              	.L54:
 488 031c 98F80030 		ldrb	r3, [r8, #0]	@ zero_extendqisi2
 489 0320 002B     		cmp	r3, #0
 490 0322 7FF453AF 		bne	.L71
 491              	.L56:
 492 0326 15B1     		cbz	r5, .L72
 493 0328 2B68     		ldr	r3, [r5, #0]
 494 032a 0022     		movs	r2, #0
 495 032c 1A70     		strb	r2, [r3, #0]
 496              	.L72:
 497 032e 2046     		mov	r0, r4
 498 0330 09B0     		add	sp, sp, #36
 499 0332 BDE8F08F 		pop	{r4, r5, r6, r7, r8, r9, sl, fp, pc}
 500              	.L83:
 501 0336 00BF     		.align	2
 502              	.L82:
 503 0338 00000000 		.word	.LC0
 505              		.align	1
 506              		.global	printf
 507              		.thumb
 508              		.thumb_func
 510              	printf:
 511              		@ args = 4, pretend = 16, frame = 8
 512              		@ frame_needed = 0, uses_anonymous_args = 1
 513 033c 0FB4     		push	{r0, r1, r2, r3}
 514 033e 07B5     		push	{r0, r1, r2, lr}
 515 0340 04AA     		add	r2, sp, #16
 516 0342 52F8041B 		ldr	r1, [r2], #4
 517 0346 0020     		movs	r0, #0
 518 0348 0192     		str	r2, [sp, #4]
 519 034a FFF735FF 		bl	print
 520 034e BDE80E40 		pop	{r1, r2, r3, lr}
 521 0352 04B0     		add	sp, sp, #16
 522 0354 7047     		bx	lr
 524              		.align	1
 525              		.global	sprintf
 526              		.thumb
 527              		.thumb_func
 529              	sprintf:
 530              		@ args = 4, pretend = 12, frame = 16
 531              		@ frame_needed = 0, uses_anonymous_args = 1
 532 0356 0EB4     		push	{r1, r2, r3}
 533 0358 0FB5     		push	{r0, r1, r2, r3, lr}
 534 035a 05AA     		add	r2, sp, #20
 535 035c 52F8041B 		ldr	r1, [r2], #4
 536 0360 0190     		str	r0, [sp, #4]
 537 0362 01A8     		add	r0, sp, #4
 538 0364 0392     		str	r2, [sp, #12]
 539 0366 FFF727FF 		bl	print
 540 036a 04B0     		add	sp, sp, #16
 541 036c 5DF804EB 		pop	{lr}
 542 0370 03B0     		add	sp, sp, #12
 543 0372 7047     		bx	lr
 545              		.section	.rodata.str1.1,"aMS",%progbits,1
 546              	.LC0:
 547 0000 286E756C 		.ascii	"(null)\000"
 547      6C2900
 548              		.bss
 549              		.align	2
 550              		.set	.LANCHOR0,. + 0
 553              	mOutputDevFuncPtr:
 554 0000 00000000 		.space	4
 557              	mInputDevFuncPtr:
 558 0004 00000000 		.space	4
 559              		.ident	"GCC: (GNU) 4.6.2"
DEFINED SYMBOLS
                            *ABS*:00000000 io_functions.c
C:\Users\Rhonda\AppData\Local\Temp\ccLqjy2z.s:15     .text:00000000 $t
C:\Users\Rhonda\AppData\Local\Temp\ccLqjy2z.s:20     .text:00000000 printMessageUponCriticalSystemError
C:\Users\Rhonda\AppData\Local\Temp\ccLqjy2z.s:31     .text:0000000c $d
C:\Users\Rhonda\AppData\Local\Temp\ccLqjy2z.s:34     .text:00000014 $t
C:\Users\Rhonda\AppData\Local\Temp\ccLqjy2z.s:39     .text:00000014 stdio_SetOutputCharFunction
C:\Users\Rhonda\AppData\Local\Temp\ccLqjy2z.s:49     .text:0000001c $d
C:\Users\Rhonda\AppData\Local\Temp\ccLqjy2z.s:51     .text:00000020 $t
C:\Users\Rhonda\AppData\Local\Temp\ccLqjy2z.s:56     .text:00000020 stdio_SetInputCharFunction
C:\Users\Rhonda\AppData\Local\Temp\ccLqjy2z.s:66     .text:00000028 $d
C:\Users\Rhonda\AppData\Local\Temp\ccLqjy2z.s:68     .text:0000002c $t
C:\Users\Rhonda\AppData\Local\Temp\ccLqjy2z.s:73     .text:0000002c _read
C:\Users\Rhonda\AppData\Local\Temp\ccLqjy2z.s:90     .text:00000040 $d
C:\Users\Rhonda\AppData\Local\Temp\ccLqjy2z.s:92     .text:00000044 $t
C:\Users\Rhonda\AppData\Local\Temp\ccLqjy2z.s:97     .text:00000044 _write
C:\Users\Rhonda\AppData\Local\Temp\ccLqjy2z.s:122    .text:00000064 $d
C:\Users\Rhonda\AppData\Local\Temp\ccLqjy2z.s:124    .text:00000068 $t
C:\Users\Rhonda\AppData\Local\Temp\ccLqjy2z.s:128    .text:00000068 printchar
C:\Users\Rhonda\AppData\Local\Temp\ccLqjy2z.s:151    .text:00000084 prints
C:\Users\Rhonda\AppData\Local\Temp\ccLqjy2z.s:228    .text:00000110 printi
C:\Users\Rhonda\AppData\Local\Temp\ccLqjy2z.s:311    .text:000001b8 print
C:\Users\Rhonda\AppData\Local\Temp\ccLqjy2z.s:503    .text:00000338 $d
C:\Users\Rhonda\AppData\Local\Temp\ccLqjy2z.s:505    .text:0000033c $t
C:\Users\Rhonda\AppData\Local\Temp\ccLqjy2z.s:510    .text:0000033c printf
C:\Users\Rhonda\AppData\Local\Temp\ccLqjy2z.s:529    .text:00000356 sprintf
C:\Users\Rhonda\AppData\Local\Temp\ccLqjy2z.s:549    .bss:00000000 $d
C:\Users\Rhonda\AppData\Local\Temp\ccLqjy2z.s:553    .bss:00000000 mOutputDevFuncPtr
C:\Users\Rhonda\AppData\Local\Temp\ccLqjy2z.s:557    .bss:00000004 mInputDevFuncPtr

UNDEFINED SYMBOLS
uart0Puts
uart0Putchar
__aeabi_d2iz
