   1              		.syntax unified
   2              		.cpu cortex-m3
   3              		.fpu softvfp
   4              		.eabi_attribute 20, 1
   5              		.eabi_attribute 21, 1
   6              		.eabi_attribute 23, 3
   7              		.eabi_attribute 24, 1
   8              		.eabi_attribute 25, 1
   9              		.eabi_attribute 26, 1
  10              		.eabi_attribute 30, 4
  11              		.eabi_attribute 18, 4
  12              		.thumb
  13              		.file	"sys_hooks.cpp"
  14              		.text
  15              		.align	1
  16              		.global	_init
  17              		.thumb
  18              		.thumb_func
  20              	_init:
  21              		@ args = 0, pretend = 0, frame = 0
  22              		@ frame_needed = 0, uses_anonymous_args = 0
  23              		@ link register save eliminated.
  24 0000 7047     		bx	lr
  26              		.align	1
  27              		.global	_exit
  28              		.thumb
  29              		.thumb_func
  31              	_exit:
  32              		@ args = 0, pretend = 0, frame = 0
  33              		@ frame_needed = 0, uses_anonymous_args = 0
  34              		@ link register save eliminated.
  35 0002 7047     		bx	lr
  37              		.align	1
  38              		.global	_getpid
  39              		.thumb
  40              		.thumb_func
  42              	_getpid:
  43              		@ args = 0, pretend = 0, frame = 0
  44              		@ frame_needed = 0, uses_anonymous_args = 0
  45              		@ link register save eliminated.
  46 0004 7047     		bx	lr
  48              		.align	1
  49              		.global	_kill
  50              		.thumb
  51              		.thumb_func
  53              	_kill:
  54              		@ args = 0, pretend = 0, frame = 0
  55              		@ frame_needed = 0, uses_anonymous_args = 0
  56              		@ link register save eliminated.
  57 0006 7047     		bx	lr
  59              		.align	1
  60              		.global	_lseek
  61              		.thumb
  62              		.thumb_func
  64              	_lseek:
  65              		@ args = 0, pretend = 0, frame = 0
  66              		@ frame_needed = 0, uses_anonymous_args = 0
  67              		@ link register save eliminated.
  68 0008 7047     		bx	lr
  70              		.align	1
  71              		.global	_isatty
  72              		.thumb
  73              		.thumb_func
  75              	_isatty:
  76              		@ args = 0, pretend = 0, frame = 0
  77              		@ frame_needed = 0, uses_anonymous_args = 0
  78              		@ link register save eliminated.
  79 000a 7047     		bx	lr
  81              		.align	1
  82              		.global	_fstat
  83              		.thumb
  84              		.thumb_func
  86              	_fstat:
  87              		@ args = 0, pretend = 0, frame = 0
  88              		@ frame_needed = 0, uses_anonymous_args = 0
  89              		@ link register save eliminated.
  90 000c 7047     		bx	lr
  92              		.align	1
  93              		.global	_close
  94              		.thumb
  95              		.thumb_func
  97              	_close:
  98              		@ args = 0, pretend = 0, frame = 0
  99              		@ frame_needed = 0, uses_anonymous_args = 0
 100              		@ link register save eliminated.
 101 000e 7047     		bx	lr
 103              		.align	1
 104              		.global	_sbrk
 105              		.thumb
 106              		.thumb_func
 108              	_sbrk:
 109              		@ args = 0, pretend = 0, frame = 0
 110              		@ frame_needed = 0, uses_anonymous_args = 0
 111              		@ link register save eliminated.
 112 0010 044B     		ldr	r3, .L11
 113 0012 1A68     		ldr	r2, [r3, #0]
 114 0014 0AB9     		cbnz	r2, .L10
 115 0016 044A     		ldr	r2, .L11+4
 116 0018 1A60     		str	r2, [r3, #0]
 117              	.L10:
 118 001a 1A68     		ldr	r2, [r3, #0]
 119 001c 1018     		adds	r0, r2, r0
 120 001e 1860     		str	r0, [r3, #0]
 121 0020 1046     		mov	r0, r2
 122 0022 7047     		bx	lr
 123              	.L12:
 124              		.align	2
 125              	.L11:
 126 0024 00000000 		.word	.LANCHOR0
 127 0028 00000000 		.word	_pvHeapStart
 129              		.bss
 130              		.align	2
 131              		.set	.LANCHOR0,. + 0
 134              	_ZZ5_sbrkE8heap_ptr:
 135 0000 00000000 		.space	4
 136              		.ident	"GCC: (GNU) 4.6.2"
DEFINED SYMBOLS
                            *ABS*:00000000 sys_hooks.cpp
C:\Users\Rhonda\AppData\Local\Temp\cc0LEukL.s:15     .text:00000000 $t
C:\Users\Rhonda\AppData\Local\Temp\cc0LEukL.s:20     .text:00000000 _init
C:\Users\Rhonda\AppData\Local\Temp\cc0LEukL.s:31     .text:00000002 _exit
C:\Users\Rhonda\AppData\Local\Temp\cc0LEukL.s:42     .text:00000004 _getpid
C:\Users\Rhonda\AppData\Local\Temp\cc0LEukL.s:53     .text:00000006 _kill
C:\Users\Rhonda\AppData\Local\Temp\cc0LEukL.s:64     .text:00000008 _lseek
C:\Users\Rhonda\AppData\Local\Temp\cc0LEukL.s:75     .text:0000000a _isatty
C:\Users\Rhonda\AppData\Local\Temp\cc0LEukL.s:86     .text:0000000c _fstat
C:\Users\Rhonda\AppData\Local\Temp\cc0LEukL.s:97     .text:0000000e _close
C:\Users\Rhonda\AppData\Local\Temp\cc0LEukL.s:108    .text:00000010 _sbrk
C:\Users\Rhonda\AppData\Local\Temp\cc0LEukL.s:126    .text:00000024 $d
C:\Users\Rhonda\AppData\Local\Temp\cc0LEukL.s:130    .bss:00000000 $d
C:\Users\Rhonda\AppData\Local\Temp\cc0LEukL.s:134    .bss:00000000 _ZZ5_sbrkE8heap_ptr

UNDEFINED SYMBOLS
_pvHeapStart
