   1              		.syntax unified
   2              		.cpu cortex-m3
   3              		.fpu softvfp
   4              		.eabi_attribute 20, 1
   5              		.eabi_attribute 21, 1
   6              		.eabi_attribute 23, 3
   7              		.eabi_attribute 24, 1
   8              		.eabi_attribute 25, 1
   9              		.eabi_attribute 26, 1
  10              		.eabi_attribute 30, 4
  11              		.eabi_attribute 18, 4
  12              		.thumb
  13              		.file	"uart0_min.c"
  14              		.global	__aeabi_ui2d
  15              		.global	__aeabi_dadd
  16              		.global	__aeabi_d2iz
  17              		.text
  18              		.align	1
  19              		.global	uart0Init
  20              		.thumb
  21              		.thumb_func
  23              	uart0Init:
  24              		@ args = 0, pretend = 0, frame = 0
  25              		@ frame_needed = 0, uses_anonymous_args = 0
  26 0000 10B5     		push	{r4, lr}
  27 0002 134B     		ldr	r3, .L2
  28 0004 134C     		ldr	r4, .L2+4
  29 0006 D3F8C420 		ldr	r2, [r3, #196]
  30 000a 0001     		lsls	r0, r0, #4
  31 000c 42F00802 		orr	r2, r2, #8
  32 0010 C3F8C420 		str	r2, [r3, #196]
  33 0014 A3F55023 		sub	r3, r3, #851968
  34 0018 1A68     		ldr	r2, [r3, #0]
  35 001a B1FBF0F0 		udiv	r0, r1, r0
  36 001e 22F0F002 		bic	r2, r2, #240
  37 0022 1A60     		str	r2, [r3, #0]
  38 0024 1A68     		ldr	r2, [r3, #0]
  39 0026 42F05002 		orr	r2, r2, #80
  40 002a 1A60     		str	r2, [r3, #0]
  41 002c 8023     		movs	r3, #128
  42 002e 2373     		strb	r3, [r4, #12]
  43 0030 0023     		movs	r3, #0
  44 0032 2371     		strb	r3, [r4, #4]
  45 0034 FFF7FEFF 		bl	__aeabi_ui2d
  46 0038 074B     		ldr	r3, .L2+8
  47 003a 0022     		movs	r2, #0
  48 003c FFF7FEFF 		bl	__aeabi_dadd
  49 0040 FFF7FEFF 		bl	__aeabi_d2iz
  50 0044 0323     		movs	r3, #3
  51 0046 C0B2     		uxtb	r0, r0
  52 0048 2070     		strb	r0, [r4, #0]
  53 004a 2373     		strb	r3, [r4, #12]
  54 004c 10BD     		pop	{r4, pc}
  55              	.L3:
  56 004e 00BF     		.align	2
  57              	.L2:
  58 0050 00C00F40 		.word	1074774016
  59 0054 00C00040 		.word	1073790976
  60 0058 0000E03F 		.word	1071644672
  62              		.align	1
  63              		.global	uart0Putchar
  64              		.thumb
  65              		.thumb_func
  67              	uart0Putchar:
  68              		@ args = 0, pretend = 0, frame = 0
  69              		@ frame_needed = 0, uses_anonymous_args = 0
  70              		@ link register save eliminated.
  71 005c 034B     		ldr	r3, .L7
  72 005e 1870     		strb	r0, [r3, #0]
  73              	.L5:
  74 0060 1A7D     		ldrb	r2, [r3, #20]	@ zero_extendqisi2
  75 0062 5206     		lsls	r2, r2, #25
  76 0064 FCD5     		bpl	.L5
  77 0066 0120     		movs	r0, #1
  78 0068 7047     		bx	lr
  79              	.L8:
  80 006a 00BF     		.align	2
  81              	.L7:
  82 006c 00C00040 		.word	1073790976
  84              		.align	1
  85              		.global	uart0Puts
  86              		.thumb
  87              		.thumb_func
  89              	uart0Puts:
  90              		@ args = 0, pretend = 0, frame = 0
  91              		@ frame_needed = 0, uses_anonymous_args = 0
  92 0070 10B5     		push	{r4, lr}
  93 0072 0446     		mov	r4, r0
  94 0074 01E0     		b	.L10
  95              	.L11:
  96 0076 FFF7FEFF 		bl	uart0Putchar
  97              	.L10:
  98 007a 14F8010B 		ldrb	r0, [r4], #1	@ zero_extendqisi2
  99 007e 0028     		cmp	r0, #0
 100 0080 F9D1     		bne	.L11
 101 0082 0A20     		movs	r0, #10
 102 0084 BDE81040 		pop	{r4, lr}
 103 0088 FEE7     		b	uart0Putchar
 105              		.align	1
 106              		.global	uart0Getchar
 107              		.thumb
 108              		.thumb_func
 110              	uart0Getchar:
 111              		@ args = 0, pretend = 0, frame = 0
 112              		@ frame_needed = 0, uses_anonymous_args = 0
 113              		@ link register save eliminated.
 114 008a 034B     		ldr	r3, .L15
 115              	.L13:
 116 008c 1A7D     		ldrb	r2, [r3, #20]	@ zero_extendqisi2
 117 008e D107     		lsls	r1, r2, #31
 118 0090 FCD5     		bpl	.L13
 119 0092 014B     		ldr	r3, .L15
 120 0094 1878     		ldrb	r0, [r3, #0]	@ zero_extendqisi2
 121 0096 7047     		bx	lr
 122              	.L16:
 123              		.align	2
 124              	.L15:
 125 0098 00C00040 		.word	1073790976
 127              		.ident	"GCC: (GNU) 4.6.2"
DEFINED SYMBOLS
                            *ABS*:00000000 uart0_min.c
C:\Users\Rhonda\AppData\Local\Temp\ccdqXIWa.s:18     .text:00000000 $t
C:\Users\Rhonda\AppData\Local\Temp\ccdqXIWa.s:23     .text:00000000 uart0Init
C:\Users\Rhonda\AppData\Local\Temp\ccdqXIWa.s:58     .text:00000050 $d
C:\Users\Rhonda\AppData\Local\Temp\ccdqXIWa.s:62     .text:0000005c $t
C:\Users\Rhonda\AppData\Local\Temp\ccdqXIWa.s:67     .text:0000005c uart0Putchar
C:\Users\Rhonda\AppData\Local\Temp\ccdqXIWa.s:82     .text:0000006c $d
C:\Users\Rhonda\AppData\Local\Temp\ccdqXIWa.s:84     .text:00000070 $t
C:\Users\Rhonda\AppData\Local\Temp\ccdqXIWa.s:89     .text:00000070 uart0Puts
C:\Users\Rhonda\AppData\Local\Temp\ccdqXIWa.s:110    .text:0000008a uart0Getchar
C:\Users\Rhonda\AppData\Local\Temp\ccdqXIWa.s:125    .text:00000098 $d

UNDEFINED SYMBOLS
__aeabi_ui2d
__aeabi_dadd
__aeabi_d2iz
