   1              		.syntax unified
   2              		.cpu cortex-m3
   3              		.fpu softvfp
   4              		.eabi_attribute 20, 1
   5              		.eabi_attribute 21, 1
   6              		.eabi_attribute 23, 3
   7              		.eabi_attribute 24, 1
   8              		.eabi_attribute 25, 1
   9              		.eabi_attribute 26, 1
  10              		.eabi_attribute 30, 4
  11              		.eabi_attribute 18, 4
  12              		.thumb
  13              		.file	"diskio.c"
  14              		.text
  15              		.align	1
  16              		.global	diskio_initializeSPIMutex
  17              		.thumb
  18              		.thumb_func
  20              	diskio_initializeSPIMutex:
  21              		@ args = 0, pretend = 0, frame = 0
  22              		@ frame_needed = 0, uses_anonymous_args = 0
  23              		@ link register save eliminated.
  24 0000 014B     		ldr	r3, .L2
  25 0002 1860     		str	r0, [r3, #0]
  26 0004 7047     		bx	lr
  27              	.L3:
  28 0006 00BF     		.align	2
  29              	.L2:
  30 0008 00000000 		.word	.LANCHOR0
  32              		.align	1
  33              		.global	disk_initialize
  34              		.thumb
  35              		.thumb_func
  37              	disk_initialize:
  38              		@ args = 0, pretend = 0, frame = 0
  39              		@ frame_needed = 0, uses_anonymous_args = 0
  40 000c F8B5     		push	{r3, r4, r5, r6, r7, lr}
  41 000e 0646     		mov	r6, r0
  42 0010 FFF7FEFF 		bl	xTaskGetSchedulerState
  43 0014 A0F10103 		sub	r3, r0, #1
  44 0018 5D42     		rsbs	r5, r3, #0
  45 001a 45EB0305 		adc	r5, r5, r3
  46 001e 0120     		movs	r0, #1
  47 0020 4DB1     		cbz	r5, .L5
  48 0022 154B     		ldr	r3, .L19
  49 0024 0021     		movs	r1, #0
  50 0026 1B68     		ldr	r3, [r3, #0]
  51 0028 4FF0FF32 		mov	r2, #-1
  52 002c 1868     		ldr	r0, [r3, #0]
  53 002e 0B46     		mov	r3, r1
  54 0030 FFF7FEFF 		bl	xQueueGenericReceive
  55 0034 C0B2     		uxtb	r0, r0
  56              	.L5:
  57 0036 0424     		movs	r4, #4
  58 0038 0F4F     		ldr	r7, .L19
  59 003a 18E0     		b	.L6
  60              	.L11:
  61 003c 1EB1     		cbz	r6, .L8
  62 003e 0424     		movs	r4, #4
  63 0040 012E     		cmp	r6, #1
  64 0042 06D1     		bne	.L7
  65 0044 02E0     		b	.L18
  66              	.L8:
  67 0046 FFF7FEFF 		bl	flash_Initialize
  68 004a 01E0     		b	.L17
  69              	.L18:
  70 004c FFF7FEFF 		bl	sd_initialize
  71              	.L17:
  72 0050 0446     		mov	r4, r0
  73              	.L7:
  74 0052 2846     		mov	r0, r5
  75 0054 55B1     		cbz	r5, .L10
  76 0056 3B68     		ldr	r3, [r7, #0]
  77 0058 0021     		movs	r1, #0
  78 005a 1868     		ldr	r0, [r3, #0]
  79 005c 0A46     		mov	r2, r1
  80 005e 0B46     		mov	r3, r1
  81 0060 FFF7FEFF 		bl	xQueueGenericSend
  82 0064 D0F10100 		rsbs	r0, r0, #1
  83 0068 38BF     		it	cc
  84 006a 0020     		movcc	r0, #0
  85              	.L10:
  86 006c C0B2     		uxtb	r0, r0
  87              	.L6:
  88 006e 0028     		cmp	r0, #0
  89 0070 E4D1     		bne	.L11
  90 0072 2046     		mov	r0, r4
  91 0074 F8BD     		pop	{r3, r4, r5, r6, r7, pc}
  92              	.L20:
  93 0076 00BF     		.align	2
  94              	.L19:
  95 0078 00000000 		.word	.LANCHOR0
  97              		.align	1
  98              		.global	disk_status
  99              		.thumb
 100              		.thumb_func
 102              	disk_status:
 103              		@ args = 0, pretend = 0, frame = 0
 104              		@ frame_needed = 0, uses_anonymous_args = 0
 105 007c F8B5     		push	{r3, r4, r5, r6, r7, lr}
 106 007e 0646     		mov	r6, r0
 107 0080 FFF7FEFF 		bl	xTaskGetSchedulerState
 108 0084 A0F10102 		sub	r2, r0, #1
 109 0088 5542     		rsbs	r5, r2, #0
 110 008a 45EB0205 		adc	r5, r5, r2
 111 008e 0120     		movs	r0, #1
 112 0090 4DB1     		cbz	r5, .L22
 113 0092 134B     		ldr	r3, .L34
 114 0094 0021     		movs	r1, #0
 115 0096 1B68     		ldr	r3, [r3, #0]
 116 0098 4FF0FF32 		mov	r2, #-1
 117 009c 1868     		ldr	r0, [r3, #0]
 118 009e 0B46     		mov	r3, r1
 119 00a0 FFF7FEFF 		bl	xQueueGenericReceive
 120 00a4 C0B2     		uxtb	r0, r0
 121              	.L22:
 122 00a6 0424     		movs	r4, #4
 123 00a8 0D4F     		ldr	r7, .L34
 124 00aa 15E0     		b	.L23
 125              	.L28:
 126 00ac 3446     		mov	r4, r6
 127 00ae 2EB1     		cbz	r6, .L24
 128 00b0 0424     		movs	r4, #4
 129 00b2 012E     		cmp	r6, #1
 130 00b4 02D1     		bne	.L24
 131 00b6 FFF7FEFF 		bl	sd_status
 132 00ba 0446     		mov	r4, r0
 133              	.L24:
 134 00bc 2846     		mov	r0, r5
 135 00be 55B1     		cbz	r5, .L27
 136 00c0 3B68     		ldr	r3, [r7, #0]
 137 00c2 0021     		movs	r1, #0
 138 00c4 1868     		ldr	r0, [r3, #0]
 139 00c6 0A46     		mov	r2, r1
 140 00c8 0B46     		mov	r3, r1
 141 00ca FFF7FEFF 		bl	xQueueGenericSend
 142 00ce D0F10100 		rsbs	r0, r0, #1
 143 00d2 38BF     		it	cc
 144 00d4 0020     		movcc	r0, #0
 145              	.L27:
 146 00d6 C0B2     		uxtb	r0, r0
 147              	.L23:
 148 00d8 0028     		cmp	r0, #0
 149 00da E7D1     		bne	.L28
 150 00dc 2046     		mov	r0, r4
 151 00de F8BD     		pop	{r3, r4, r5, r6, r7, pc}
 152              	.L35:
 153              		.align	2
 154              	.L34:
 155 00e0 00000000 		.word	.LANCHOR0
 157              		.align	1
 158              		.global	disk_read
 159              		.thumb
 160              		.thumb_func
 162              	disk_read:
 163              		@ args = 0, pretend = 0, frame = 0
 164              		@ frame_needed = 0, uses_anonymous_args = 0
 165 00e4 2DE9F047 		push	{r4, r5, r6, r7, r8, r9, sl, lr}
 166 00e8 8846     		mov	r8, r1
 167 00ea 8146     		mov	r9, r0
 168 00ec 1646     		mov	r6, r2
 169 00ee 1F46     		mov	r7, r3
 170 00f0 FFF7FEFF 		bl	xTaskGetSchedulerState
 171 00f4 A0F10101 		sub	r1, r0, #1
 172 00f8 4D42     		rsbs	r5, r1, #0
 173 00fa 45EB0105 		adc	r5, r5, r1
 174 00fe 0120     		movs	r0, #1
 175 0100 4DB1     		cbz	r5, .L37
 176 0102 1B4B     		ldr	r3, .L51
 177 0104 0021     		movs	r1, #0
 178 0106 1B68     		ldr	r3, [r3, #0]
 179 0108 4FF0FF32 		mov	r2, #-1
 180 010c 1868     		ldr	r0, [r3, #0]
 181 010e 0B46     		mov	r3, r1
 182 0110 FFF7FEFF 		bl	xQueueGenericReceive
 183 0114 C0B2     		uxtb	r0, r0
 184              	.L37:
 185 0116 0424     		movs	r4, #4
 186 0118 DFF854A0 		ldr	sl, .L51
 187 011c 22E0     		b	.L38
 188              	.L43:
 189 011e B9F1000F 		cmp	r9, #0
 190 0122 04D0     		beq	.L40
 191 0124 0424     		movs	r4, #4
 192 0126 B9F1010F 		cmp	r9, #1
 193 012a 0CD1     		bne	.L39
 194 012c 05E0     		b	.L50
 195              	.L40:
 196 012e 4046     		mov	r0, r8
 197 0130 3146     		mov	r1, r6
 198 0132 3A46     		mov	r2, r7
 199 0134 FFF7FEFF 		bl	flash_ReadSector
 200 0138 04E0     		b	.L49
 201              	.L50:
 202 013a 4046     		mov	r0, r8
 203 013c 3146     		mov	r1, r6
 204 013e 3A46     		mov	r2, r7
 205 0140 FFF7FEFF 		bl	sd_read
 206              	.L49:
 207 0144 0446     		mov	r4, r0
 208              	.L39:
 209 0146 2846     		mov	r0, r5
 210 0148 5DB1     		cbz	r5, .L42
 211 014a DAF80030 		ldr	r3, [sl, #0]
 212 014e 0021     		movs	r1, #0
 213 0150 1868     		ldr	r0, [r3, #0]
 214 0152 0A46     		mov	r2, r1
 215 0154 0B46     		mov	r3, r1
 216 0156 FFF7FEFF 		bl	xQueueGenericSend
 217 015a D0F10100 		rsbs	r0, r0, #1
 218 015e 38BF     		it	cc
 219 0160 0020     		movcc	r0, #0
 220              	.L42:
 221 0162 C0B2     		uxtb	r0, r0
 222              	.L38:
 223 0164 0028     		cmp	r0, #0
 224 0166 DAD1     		bne	.L43
 225 0168 2046     		mov	r0, r4
 226 016a BDE8F087 		pop	{r4, r5, r6, r7, r8, r9, sl, pc}
 227              	.L52:
 228 016e 00BF     		.align	2
 229              	.L51:
 230 0170 00000000 		.word	.LANCHOR0
 232              		.align	1
 233              		.global	disk_write
 234              		.thumb
 235              		.thumb_func
 237              	disk_write:
 238              		@ args = 0, pretend = 0, frame = 0
 239              		@ frame_needed = 0, uses_anonymous_args = 0
 240 0174 2DE9F047 		push	{r4, r5, r6, r7, r8, r9, sl, lr}
 241 0178 8146     		mov	r9, r0
 242 017a 8846     		mov	r8, r1
 243 017c 1646     		mov	r6, r2
 244 017e 1F46     		mov	r7, r3
 245 0180 FFF7FEFF 		bl	xTaskGetSchedulerState
 246 0184 A0F10100 		sub	r0, r0, #1
 247 0188 4542     		rsbs	r5, r0, #0
 248 018a 45EB0005 		adc	r5, r5, r0
 249 018e 0120     		movs	r0, #1
 250 0190 4DB1     		cbz	r5, .L54
 251 0192 1B4B     		ldr	r3, .L68
 252 0194 0021     		movs	r1, #0
 253 0196 1B68     		ldr	r3, [r3, #0]
 254 0198 4FF0FF32 		mov	r2, #-1
 255 019c 1868     		ldr	r0, [r3, #0]
 256 019e 0B46     		mov	r3, r1
 257 01a0 FFF7FEFF 		bl	xQueueGenericReceive
 258 01a4 C0B2     		uxtb	r0, r0
 259              	.L54:
 260 01a6 0424     		movs	r4, #4
 261 01a8 DFF854A0 		ldr	sl, .L68
 262 01ac 22E0     		b	.L55
 263              	.L60:
 264 01ae B9F1000F 		cmp	r9, #0
 265 01b2 04D0     		beq	.L57
 266 01b4 0424     		movs	r4, #4
 267 01b6 B9F1010F 		cmp	r9, #1
 268 01ba 0CD1     		bne	.L56
 269 01bc 05E0     		b	.L67
 270              	.L57:
 271 01be 4046     		mov	r0, r8
 272 01c0 3146     		mov	r1, r6
 273 01c2 3A46     		mov	r2, r7
 274 01c4 FFF7FEFF 		bl	flash_WriteSector
 275 01c8 04E0     		b	.L66
 276              	.L67:
 277 01ca 4046     		mov	r0, r8
 278 01cc 3146     		mov	r1, r6
 279 01ce 3A46     		mov	r2, r7
 280 01d0 FFF7FEFF 		bl	sd_write
 281              	.L66:
 282 01d4 0446     		mov	r4, r0
 283              	.L56:
 284 01d6 2846     		mov	r0, r5
 285 01d8 5DB1     		cbz	r5, .L59
 286 01da DAF80030 		ldr	r3, [sl, #0]
 287 01de 0021     		movs	r1, #0
 288 01e0 1868     		ldr	r0, [r3, #0]
 289 01e2 0A46     		mov	r2, r1
 290 01e4 0B46     		mov	r3, r1
 291 01e6 FFF7FEFF 		bl	xQueueGenericSend
 292 01ea D0F10100 		rsbs	r0, r0, #1
 293 01ee 38BF     		it	cc
 294 01f0 0020     		movcc	r0, #0
 295              	.L59:
 296 01f2 C0B2     		uxtb	r0, r0
 297              	.L55:
 298 01f4 0028     		cmp	r0, #0
 299 01f6 DAD1     		bne	.L60
 300 01f8 2046     		mov	r0, r4
 301 01fa BDE8F087 		pop	{r4, r5, r6, r7, r8, r9, sl, pc}
 302              	.L69:
 303 01fe 00BF     		.align	2
 304              	.L68:
 305 0200 00000000 		.word	.LANCHOR0
 307              		.align	1
 308              		.global	disk_ioctl
 309              		.thumb
 310              		.thumb_func
 312              	disk_ioctl:
 313              		@ args = 0, pretend = 0, frame = 0
 314              		@ frame_needed = 0, uses_anonymous_args = 0
 315 0204 2DE9F843 		push	{r3, r4, r5, r6, r7, r8, r9, lr}
 316 0208 8046     		mov	r8, r0
 317 020a 0E46     		mov	r6, r1
 318 020c 1746     		mov	r7, r2
 319 020e FFF7FEFF 		bl	xTaskGetSchedulerState
 320 0212 A0F10104 		sub	r4, r0, #1
 321 0216 6542     		rsbs	r5, r4, #0
 322 0218 45EB0405 		adc	r5, r5, r4
 323 021c 0120     		movs	r0, #1
 324 021e 4DB1     		cbz	r5, .L71
 325 0220 194B     		ldr	r3, .L85
 326 0222 0021     		movs	r1, #0
 327 0224 1B68     		ldr	r3, [r3, #0]
 328 0226 4FF0FF32 		mov	r2, #-1
 329 022a 1868     		ldr	r0, [r3, #0]
 330 022c 0B46     		mov	r3, r1
 331 022e FFF7FEFF 		bl	xQueueGenericReceive
 332 0232 C0B2     		uxtb	r0, r0
 333              	.L71:
 334 0234 0424     		movs	r4, #4
 335 0236 DFF85090 		ldr	r9, .L85
 336 023a 20E0     		b	.L72
 337              	.L77:
 338 023c B8F1000F 		cmp	r8, #0
 339 0240 04D0     		beq	.L74
 340 0242 0424     		movs	r4, #4
 341 0244 B8F1010F 		cmp	r8, #1
 342 0248 0AD1     		bne	.L73
 343 024a 04E0     		b	.L84
 344              	.L74:
 345 024c 3046     		mov	r0, r6
 346 024e 3946     		mov	r1, r7
 347 0250 FFF7FEFF 		bl	flash_ioctl
 348 0254 03E0     		b	.L83
 349              	.L84:
 350 0256 3046     		mov	r0, r6
 351 0258 3946     		mov	r1, r7
 352 025a FFF7FEFF 		bl	sd_ioctl
 353              	.L83:
 354 025e 0446     		mov	r4, r0
 355              	.L73:
 356 0260 2846     		mov	r0, r5
 357 0262 5DB1     		cbz	r5, .L76
 358 0264 D9F80030 		ldr	r3, [r9, #0]
 359 0268 0021     		movs	r1, #0
 360 026a 1868     		ldr	r0, [r3, #0]
 361 026c 0A46     		mov	r2, r1
 362 026e 0B46     		mov	r3, r1
 363 0270 FFF7FEFF 		bl	xQueueGenericSend
 364 0274 D0F10100 		rsbs	r0, r0, #1
 365 0278 38BF     		it	cc
 366 027a 0020     		movcc	r0, #0
 367              	.L76:
 368 027c C0B2     		uxtb	r0, r0
 369              	.L72:
 370 027e 0028     		cmp	r0, #0
 371 0280 DCD1     		bne	.L77
 372 0282 2046     		mov	r0, r4
 373 0284 BDE8F883 		pop	{r3, r4, r5, r6, r7, r8, r9, pc}
 374              	.L86:
 375              		.align	2
 376              	.L85:
 377 0288 00000000 		.word	.LANCHOR0
 379              		.bss
 380              		.align	2
 381              		.set	.LANCHOR0,. + 0
 384              	pSpiSemaphore:
 385 0000 00000000 		.space	4
 386              		.ident	"GCC: (GNU) 4.6.2"
DEFINED SYMBOLS
                            *ABS*:00000000 diskio.c
C:\Users\Rhonda\AppData\Local\Temp\ccNUFIgj.s:15     .text:00000000 $t
C:\Users\Rhonda\AppData\Local\Temp\ccNUFIgj.s:20     .text:00000000 diskio_initializeSPIMutex
C:\Users\Rhonda\AppData\Local\Temp\ccNUFIgj.s:30     .text:00000008 $d
C:\Users\Rhonda\AppData\Local\Temp\ccNUFIgj.s:32     .text:0000000c $t
C:\Users\Rhonda\AppData\Local\Temp\ccNUFIgj.s:37     .text:0000000c disk_initialize
C:\Users\Rhonda\AppData\Local\Temp\ccNUFIgj.s:95     .text:00000078 $d
C:\Users\Rhonda\AppData\Local\Temp\ccNUFIgj.s:97     .text:0000007c $t
C:\Users\Rhonda\AppData\Local\Temp\ccNUFIgj.s:102    .text:0000007c disk_status
C:\Users\Rhonda\AppData\Local\Temp\ccNUFIgj.s:155    .text:000000e0 $d
C:\Users\Rhonda\AppData\Local\Temp\ccNUFIgj.s:157    .text:000000e4 $t
C:\Users\Rhonda\AppData\Local\Temp\ccNUFIgj.s:162    .text:000000e4 disk_read
C:\Users\Rhonda\AppData\Local\Temp\ccNUFIgj.s:230    .text:00000170 $d
C:\Users\Rhonda\AppData\Local\Temp\ccNUFIgj.s:232    .text:00000174 $t
C:\Users\Rhonda\AppData\Local\Temp\ccNUFIgj.s:237    .text:00000174 disk_write
C:\Users\Rhonda\AppData\Local\Temp\ccNUFIgj.s:305    .text:00000200 $d
C:\Users\Rhonda\AppData\Local\Temp\ccNUFIgj.s:307    .text:00000204 $t
C:\Users\Rhonda\AppData\Local\Temp\ccNUFIgj.s:312    .text:00000204 disk_ioctl
C:\Users\Rhonda\AppData\Local\Temp\ccNUFIgj.s:377    .text:00000288 $d
C:\Users\Rhonda\AppData\Local\Temp\ccNUFIgj.s:380    .bss:00000000 $d
C:\Users\Rhonda\AppData\Local\Temp\ccNUFIgj.s:384    .bss:00000000 pSpiSemaphore

UNDEFINED SYMBOLS
xTaskGetSchedulerState
xQueueGenericReceive
flash_Initialize
sd_initialize
xQueueGenericSend
sd_status
flash_ReadSector
sd_read
flash_WriteSector
sd_write
flash_ioctl
sd_ioctl
